{"C:\\Users\\anton\\Downloads\\rednorte-proyecto\\rednorte-proyecto\\frontend\\src\\App.jsx": {"path":"C:\\Users\\anton\\Downloads\\rednorte-proyecto\\rednorte-proyecto\\frontend\\src\\App.jsx","all":false,"statementMap":{"0":{"start":{"line":1,"column":0},"end":{"line":1,"column":53}},"1":{"start":{"line":2,"column":0},"end":{"line":2,"column":8}},"2":{"start":{"line":3,"column":0},"end":{"line":3,"column":15}},"3":{"start":{"line":4,"column":0},"end":{"line":4,"column":16}},"4":{"start":{"line":5,"column":0},"end":{"line":5,"column":15}},"5":{"start":{"line":6,"column":0},"end":{"line":6,"column":9}},"6":{"start":{"line":7,"column":0},"end":{"line":7,"column":11}},"7":{"start":{"line":8,"column":0},"end":{"line":8,"column":14}},"8":{"start":{"line":9,"column":0},"end":{"line":9,"column":12}},"9":{"start":{"line":10,"column":0},"end":{"line":10,"column":22}},"10":{"start":{"line":11,"column":0},"end":{"line":11,"column":8}},"11":{"start":{"line":12,"column":0},"end":{"line":12,"column":16}},"12":{"start":{"line":13,"column":0},"end":{"line":13,"column":24}},"13":{"start":{"line":14,"column":0},"end":{"line":14,"column":16}},"14":{"start":{"line":15,"column":0},"end":{"line":15,"column":14}},"15":{"start":{"line":16,"column":0},"end":{"line":16,"column":31}},"16":{"start":{"line":17,"column":0},"end":{"line":17,"column":59}},"17":{"start":{"line":18,"column":0},"end":{"line":18,"column":51}},"18":{"start":{"line":19,"column":0},"end":{"line":19,"column":39}},"19":{"start":{"line":20,"column":0},"end":{"line":20,"column":65}},"20":{"start":{"line":21,"column":0},"end":{"line":21,"column":55}},"21":{"start":{"line":22,"column":0},"end":{"line":22,"column":51}},"22":{"start":{"line":23,"column":0},"end":{"line":23,"column":51}},"23":{"start":{"line":24,"column":0},"end":{"line":24,"column":63}},"24":{"start":{"line":25,"column":0},"end":{"line":25,"column":55}},"25":{"start":{"line":26,"column":0},"end":{"line":26,"column":56}},"26":{"start":{"line":27,"column":0},"end":{"line":27,"column":0}},"27":{"start":{"line":28,"column":0},"end":{"line":28,"column":38}},"28":{"start":{"line":29,"column":0},"end":{"line":29,"column":41}},"29":{"start":{"line":30,"column":0},"end":{"line":30,"column":25}},"30":{"start":{"line":31,"column":0},"end":{"line":31,"column":21}},"31":{"start":{"line":32,"column":0},"end":{"line":32,"column":26}},"32":{"start":{"line":33,"column":0},"end":{"line":33,"column":21}},"33":{"start":{"line":34,"column":0},"end":{"line":34,"column":21}},"34":{"start":{"line":35,"column":0},"end":{"line":35,"column":2}},"35":{"start":{"line":36,"column":0},"end":{"line":36,"column":0}},"36":{"start":{"line":37,"column":0},"end":{"line":37,"column":15}},"37":{"start":{"line":38,"column":0},"end":{"line":38,"column":54}},"38":{"start":{"line":39,"column":0},"end":{"line":39,"column":60}},"39":{"start":{"line":40,"column":0},"end":{"line":40,"column":72}},"40":{"start":{"line":41,"column":0},"end":{"line":41,"column":60}},"41":{"start":{"line":42,"column":0},"end":{"line":42,"column":65}},"42":{"start":{"line":43,"column":0},"end":{"line":43,"column":2}},"43":{"start":{"line":44,"column":0},"end":{"line":44,"column":0}},"44":{"start":{"line":45,"column":0},"end":{"line":45,"column":18}},"45":{"start":{"line":46,"column":0},"end":{"line":46,"column":75}},"46":{"start":{"line":47,"column":0},"end":{"line":47,"column":78}},"47":{"start":{"line":48,"column":0},"end":{"line":48,"column":101}},"48":{"start":{"line":49,"column":0},"end":{"line":49,"column":79}},"49":{"start":{"line":50,"column":0},"end":{"line":50,"column":80}},"50":{"start":{"line":51,"column":0},"end":{"line":51,"column":2}},"51":{"start":{"line":52,"column":0},"end":{"line":52,"column":0}},"52":{"start":{"line":53,"column":0},"end":{"line":53,"column":16}},"53":{"start":{"line":54,"column":0},"end":{"line":54,"column":42}},"54":{"start":{"line":55,"column":0},"end":{"line":55,"column":55}},"55":{"start":{"line":56,"column":0},"end":{"line":56,"column":58}},"56":{"start":{"line":57,"column":0},"end":{"line":57,"column":58}},"57":{"start":{"line":58,"column":0},"end":{"line":58,"column":22}},"58":{"start":{"line":59,"column":0},"end":{"line":59,"column":5}},"59":{"start":{"line":60,"column":0},"end":{"line":60,"column":60}},"60":{"start":{"line":61,"column":0},"end":{"line":61,"column":47}},"61":{"start":{"line":62,"column":0},"end":{"line":62,"column":63}},"62":{"start":{"line":63,"column":0},"end":{"line":63,"column":41}},"63":{"start":{"line":64,"column":0},"end":{"line":64,"column":48}},"64":{"start":{"line":65,"column":0},"end":{"line":65,"column":46}},"65":{"start":{"line":66,"column":0},"end":{"line":66,"column":41}},"66":{"start":{"line":67,"column":0},"end":{"line":67,"column":45}},"67":{"start":{"line":68,"column":0},"end":{"line":68,"column":51}},"68":{"start":{"line":69,"column":0},"end":{"line":69,"column":56}},"69":{"start":{"line":70,"column":0},"end":{"line":70,"column":50}},"70":{"start":{"line":71,"column":0},"end":{"line":71,"column":54}},"71":{"start":{"line":72,"column":0},"end":{"line":72,"column":84}},"72":{"start":{"line":73,"column":0},"end":{"line":73,"column":5}},"73":{"start":{"line":74,"column":0},"end":{"line":74,"column":0}},"74":{"start":{"line":75,"column":0},"end":{"line":75,"column":19}},"75":{"start":{"line":76,"column":0},"end":{"line":76,"column":65}},"76":{"start":{"line":77,"column":0},"end":{"line":77,"column":17}},"77":{"start":{"line":78,"column":0},"end":{"line":78,"column":0}},"78":{"start":{"line":79,"column":0},"end":{"line":79,"column":36}},"79":{"start":{"line":80,"column":0},"end":{"line":80,"column":21}},"80":{"start":{"line":81,"column":0},"end":{"line":81,"column":9}},"81":{"start":{"line":82,"column":0},"end":{"line":82,"column":41}},"82":{"start":{"line":83,"column":0},"end":{"line":83,"column":30}},"83":{"start":{"line":84,"column":0},"end":{"line":84,"column":19}},"84":{"start":{"line":85,"column":0},"end":{"line":85,"column":13}},"85":{"start":{"line":86,"column":0},"end":{"line":86,"column":59}},"86":{"start":{"line":87,"column":0},"end":{"line":87,"column":15}},"87":{"start":{"line":88,"column":0},"end":{"line":88,"column":24}},"88":{"start":{"line":89,"column":0},"end":{"line":89,"column":5}},"89":{"start":{"line":90,"column":0},"end":{"line":90,"column":4}},"90":{"start":{"line":91,"column":0},"end":{"line":91,"column":0}},"91":{"start":{"line":92,"column":0},"end":{"line":92,"column":19}},"92":{"start":{"line":93,"column":0},"end":{"line":93,"column":59}},"93":{"start":{"line":94,"column":0},"end":{"line":94,"column":25}},"94":{"start":{"line":95,"column":0},"end":{"line":95,"column":0}},"95":{"start":{"line":96,"column":0},"end":{"line":96,"column":42}},"96":{"start":{"line":97,"column":0},"end":{"line":97,"column":49}},"97":{"start":{"line":98,"column":0},"end":{"line":98,"column":31}},"98":{"start":{"line":99,"column":0},"end":{"line":99,"column":41}},"99":{"start":{"line":100,"column":0},"end":{"line":100,"column":77}},"100":{"start":{"line":101,"column":0},"end":{"line":101,"column":82}},"101":{"start":{"line":102,"column":0},"end":{"line":102,"column":7}},"102":{"start":{"line":103,"column":0},"end":{"line":103,"column":29}},"103":{"start":{"line":104,"column":0},"end":{"line":104,"column":0}},"104":{"start":{"line":105,"column":0},"end":{"line":105,"column":37}},"105":{"start":{"line":106,"column":0},"end":{"line":106,"column":78}},"106":{"start":{"line":107,"column":0},"end":{"line":107,"column":33}},"107":{"start":{"line":108,"column":0},"end":{"line":108,"column":22}},"108":{"start":{"line":109,"column":0},"end":{"line":109,"column":66}},"109":{"start":{"line":110,"column":0},"end":{"line":110,"column":4}},"110":{"start":{"line":111,"column":0},"end":{"line":111,"column":0}},"111":{"start":{"line":112,"column":0},"end":{"line":112,"column":30}},"112":{"start":{"line":113,"column":0},"end":{"line":113,"column":18}},"113":{"start":{"line":114,"column":0},"end":{"line":114,"column":23}},"114":{"start":{"line":115,"column":0},"end":{"line":115,"column":43}},"115":{"start":{"line":116,"column":0},"end":{"line":116,"column":31}},"116":{"start":{"line":117,"column":0},"end":{"line":117,"column":4}},"117":{"start":{"line":118,"column":0},"end":{"line":118,"column":0}},"118":{"start":{"line":119,"column":0},"end":{"line":119,"column":52}},"119":{"start":{"line":120,"column":0},"end":{"line":120,"column":21}},"120":{"start":{"line":121,"column":0},"end":{"line":121,"column":9}},"121":{"start":{"line":122,"column":0},"end":{"line":122,"column":58}},"122":{"start":{"line":123,"column":0},"end":{"line":123,"column":40}},"123":{"start":{"line":124,"column":0},"end":{"line":124,"column":33}},"124":{"start":{"line":125,"column":0},"end":{"line":125,"column":19}},"125":{"start":{"line":126,"column":0},"end":{"line":126,"column":13}},"126":{"start":{"line":127,"column":0},"end":{"line":127,"column":67}},"127":{"start":{"line":128,"column":0},"end":{"line":128,"column":15}},"128":{"start":{"line":129,"column":0},"end":{"line":129,"column":24}},"129":{"start":{"line":130,"column":0},"end":{"line":130,"column":5}},"130":{"start":{"line":131,"column":0},"end":{"line":131,"column":4}},"131":{"start":{"line":132,"column":0},"end":{"line":132,"column":0}},"132":{"start":{"line":133,"column":0},"end":{"line":133,"column":50}},"133":{"start":{"line":134,"column":0},"end":{"line":134,"column":20}},"134":{"start":{"line":135,"column":0},"end":{"line":135,"column":9}},"135":{"start":{"line":136,"column":0},"end":{"line":136,"column":51}},"136":{"start":{"line":137,"column":0},"end":{"line":137,"column":27}},"137":{"start":{"line":138,"column":0},"end":{"line":138,"column":44}},"138":{"start":{"line":139,"column":0},"end":{"line":139,"column":53}},"139":{"start":{"line":140,"column":0},"end":{"line":140,"column":19}},"140":{"start":{"line":141,"column":0},"end":{"line":141,"column":13}},"141":{"start":{"line":142,"column":0},"end":{"line":142,"column":50}},"142":{"start":{"line":143,"column":0},"end":{"line":143,"column":15}},"143":{"start":{"line":144,"column":0},"end":{"line":144,"column":23}},"144":{"start":{"line":145,"column":0},"end":{"line":145,"column":5}},"145":{"start":{"line":146,"column":0},"end":{"line":146,"column":4}},"146":{"start":{"line":147,"column":0},"end":{"line":147,"column":0}},"147":{"start":{"line":148,"column":0},"end":{"line":148,"column":61}},"148":{"start":{"line":149,"column":0},"end":{"line":149,"column":0}},"149":{"start":{"line":150,"column":0},"end":{"line":150,"column":10}},"150":{"start":{"line":151,"column":0},"end":{"line":151,"column":127}},"151":{"start":{"line":152,"column":0},"end":{"line":152,"column":33}},"152":{"start":{"line":153,"column":0},"end":{"line":153,"column":31}},"153":{"start":{"line":154,"column":0},"end":{"line":154,"column":76}},"154":{"start":{"line":155,"column":0},"end":{"line":155,"column":15}},"155":{"start":{"line":156,"column":0},"end":{"line":156,"column":47}},"156":{"start":{"line":157,"column":0},"end":{"line":157,"column":40}},"157":{"start":{"line":158,"column":0},"end":{"line":158,"column":16}},"158":{"start":{"line":159,"column":0},"end":{"line":159,"column":14}},"159":{"start":{"line":160,"column":0},"end":{"line":160,"column":0}},"160":{"start":{"line":161,"column":0},"end":{"line":161,"column":68}},"161":{"start":{"line":162,"column":0},"end":{"line":162,"column":53}},"162":{"start":{"line":163,"column":0},"end":{"line":163,"column":19}},"163":{"start":{"line":164,"column":0},"end":{"line":164,"column":73}},"164":{"start":{"line":165,"column":0},"end":{"line":165,"column":27}},"165":{"start":{"line":166,"column":0},"end":{"line":166,"column":22}},"166":{"start":{"line":167,"column":0},"end":{"line":167,"column":30}},"167":{"start":{"line":168,"column":0},"end":{"line":168,"column":34}},"168":{"start":{"line":169,"column":0},"end":{"line":169,"column":29}},"169":{"start":{"line":170,"column":0},"end":{"line":170,"column":31}},"170":{"start":{"line":171,"column":0},"end":{"line":171,"column":16}},"171":{"start":{"line":172,"column":0},"end":{"line":172,"column":13}},"172":{"start":{"line":173,"column":0},"end":{"line":173,"column":32}},"173":{"start":{"line":174,"column":0},"end":{"line":174,"column":34}},"174":{"start":{"line":175,"column":0},"end":{"line":175,"column":21}},"175":{"start":{"line":176,"column":0},"end":{"line":176,"column":13}},"176":{"start":{"line":177,"column":0},"end":{"line":177,"column":14}},"177":{"start":{"line":178,"column":0},"end":{"line":178,"column":0}},"178":{"start":{"line":179,"column":0},"end":{"line":179,"column":40}},"179":{"start":{"line":180,"column":0},"end":{"line":180,"column":40}},"180":{"start":{"line":181,"column":0},"end":{"line":181,"column":74}},"181":{"start":{"line":182,"column":0},"end":{"line":182,"column":18}},"182":{"start":{"line":183,"column":0},"end":{"line":183,"column":42}},"183":{"start":{"line":184,"column":0},"end":{"line":184,"column":49}},"184":{"start":{"line":185,"column":0},"end":{"line":185,"column":19}},"185":{"start":{"line":186,"column":0},"end":{"line":186,"column":16}},"186":{"start":{"line":187,"column":0},"end":{"line":187,"column":81}},"187":{"start":{"line":188,"column":0},"end":{"line":188,"column":32}},"188":{"start":{"line":189,"column":0},"end":{"line":189,"column":38}},"189":{"start":{"line":190,"column":0},"end":{"line":190,"column":19}},"190":{"start":{"line":191,"column":0},"end":{"line":191,"column":14}},"191":{"start":{"line":192,"column":0},"end":{"line":192,"column":14}},"192":{"start":{"line":193,"column":0},"end":{"line":193,"column":0}},"193":{"start":{"line":194,"column":0},"end":{"line":194,"column":33}},"194":{"start":{"line":195,"column":0},"end":{"line":195,"column":35}},"195":{"start":{"line":196,"column":0},"end":{"line":196,"column":15}},"196":{"start":{"line":197,"column":0},"end":{"line":197,"column":63}},"197":{"start":{"line":198,"column":0},"end":{"line":198,"column":46}},"198":{"start":{"line":199,"column":0},"end":{"line":199,"column":44}},"199":{"start":{"line":200,"column":0},"end":{"line":200,"column":16}},"200":{"start":{"line":201,"column":0},"end":{"line":201,"column":17}},"201":{"start":{"line":202,"column":0},"end":{"line":202,"column":0}},"202":{"start":{"line":203,"column":0},"end":{"line":203,"column":35}},"203":{"start":{"line":204,"column":0},"end":{"line":204,"column":12}},"204":{"start":{"line":205,"column":0},"end":{"line":205,"column":47}},"205":{"start":{"line":206,"column":0},"end":{"line":206,"column":56}},"206":{"start":{"line":207,"column":0},"end":{"line":207,"column":41}},"207":{"start":{"line":208,"column":0},"end":{"line":208,"column":46}},"208":{"start":{"line":209,"column":0},"end":{"line":209,"column":23}},"209":{"start":{"line":210,"column":0},"end":{"line":210,"column":72}},"210":{"start":{"line":211,"column":0},"end":{"line":211,"column":41}},"211":{"start":{"line":212,"column":0},"end":{"line":212,"column":24}},"212":{"start":{"line":213,"column":0},"end":{"line":213,"column":22}},"213":{"start":{"line":214,"column":0},"end":{"line":214,"column":32}},"214":{"start":{"line":215,"column":0},"end":{"line":215,"column":89}},"215":{"start":{"line":216,"column":0},"end":{"line":216,"column":18}},"216":{"start":{"line":217,"column":0},"end":{"line":217,"column":24}},"217":{"start":{"line":218,"column":0},"end":{"line":218,"column":22}},"218":{"start":{"line":219,"column":0},"end":{"line":219,"column":30}},"219":{"start":{"line":220,"column":0},"end":{"line":220,"column":36}},"220":{"start":{"line":221,"column":0},"end":{"line":221,"column":77}},"221":{"start":{"line":222,"column":0},"end":{"line":222,"column":14}},"222":{"start":{"line":223,"column":0},"end":{"line":223,"column":13}},"223":{"start":{"line":224,"column":0},"end":{"line":224,"column":42}},"224":{"start":{"line":225,"column":0},"end":{"line":225,"column":12}},"225":{"start":{"line":226,"column":0},"end":{"line":226,"column":119}},"226":{"start":{"line":227,"column":0},"end":{"line":227,"column":46}},"227":{"start":{"line":228,"column":0},"end":{"line":228,"column":121}},"228":{"start":{"line":229,"column":0},"end":{"line":229,"column":120}},"229":{"start":{"line":230,"column":0},"end":{"line":230,"column":140}},"230":{"start":{"line":231,"column":0},"end":{"line":231,"column":22}},"231":{"start":{"line":232,"column":0},"end":{"line":232,"column":45}},"232":{"start":{"line":233,"column":0},"end":{"line":233,"column":55}},"233":{"start":{"line":234,"column":0},"end":{"line":234,"column":46}},"234":{"start":{"line":235,"column":0},"end":{"line":235,"column":103}},"235":{"start":{"line":236,"column":0},"end":{"line":236,"column":81}},"236":{"start":{"line":237,"column":0},"end":{"line":237,"column":22}},"237":{"start":{"line":238,"column":0},"end":{"line":238,"column":22}},"238":{"start":{"line":239,"column":0},"end":{"line":239,"column":42}},"239":{"start":{"line":240,"column":0},"end":{"line":240,"column":36}},"240":{"start":{"line":241,"column":0},"end":{"line":241,"column":73}},"241":{"start":{"line":242,"column":0},"end":{"line":242,"column":55}},"242":{"start":{"line":243,"column":0},"end":{"line":243,"column":18}},"243":{"start":{"line":244,"column":0},"end":{"line":244,"column":123}},"244":{"start":{"line":245,"column":0},"end":{"line":245,"column":24}},"245":{"start":{"line":246,"column":0},"end":{"line":246,"column":54}},"246":{"start":{"line":247,"column":0},"end":{"line":247,"column":139}},"247":{"start":{"line":248,"column":0},"end":{"line":248,"column":73}},"248":{"start":{"line":249,"column":0},"end":{"line":249,"column":24}},"249":{"start":{"line":250,"column":0},"end":{"line":250,"column":52}},"250":{"start":{"line":251,"column":0},"end":{"line":251,"column":142}},"251":{"start":{"line":252,"column":0},"end":{"line":252,"column":78}},"252":{"start":{"line":253,"column":0},"end":{"line":253,"column":24}},"253":{"start":{"line":254,"column":0},"end":{"line":254,"column":19}},"254":{"start":{"line":255,"column":0},"end":{"line":255,"column":13}},"255":{"start":{"line":256,"column":0},"end":{"line":256,"column":45}},"256":{"start":{"line":257,"column":0},"end":{"line":257,"column":114}},"257":{"start":{"line":258,"column":0},"end":{"line":258,"column":41}},"258":{"start":{"line":259,"column":0},"end":{"line":259,"column":43}},"259":{"start":{"line":260,"column":0},"end":{"line":260,"column":44}},"260":{"start":{"line":261,"column":0},"end":{"line":261,"column":75}},"261":{"start":{"line":262,"column":0},"end":{"line":262,"column":40}},"262":{"start":{"line":263,"column":0},"end":{"line":263,"column":75}},"263":{"start":{"line":264,"column":0},"end":{"line":264,"column":18}},"264":{"start":{"line":265,"column":0},"end":{"line":265,"column":42}},"265":{"start":{"line":266,"column":0},"end":{"line":266,"column":119}},"266":{"start":{"line":267,"column":0},"end":{"line":267,"column":118}},"267":{"start":{"line":268,"column":0},"end":{"line":268,"column":132}},"268":{"start":{"line":269,"column":0},"end":{"line":269,"column":18}},"269":{"start":{"line":270,"column":0},"end":{"line":270,"column":20}},"270":{"start":{"line":271,"column":0},"end":{"line":271,"column":13}},"271":{"start":{"line":272,"column":0},"end":{"line":272,"column":70}},"272":{"start":{"line":273,"column":0},"end":{"line":273,"column":10}},"273":{"start":{"line":274,"column":0},"end":{"line":274,"column":12}},"274":{"start":{"line":275,"column":0},"end":{"line":275,"column":10}},"275":{"start":{"line":276,"column":0},"end":{"line":276,"column":4}},"276":{"start":{"line":277,"column":0},"end":{"line":277,"column":1}},"277":{"start":{"line":278,"column":0},"end":{"line":278,"column":0}},"278":{"start":{"line":279,"column":0},"end":{"line":279,"column":19}}},"s":{"0":1,"1":1,"2":1,"3":1,"4":1,"5":1,"6":1,"7":1,"8":1,"9":1,"10":1,"11":1,"12":1,"13":1,"14":1,"15":1,"16":1,"17":1,"18":1,"19":1,"20":1,"21":1,"22":1,"23":1,"24":1,"25":1,"26":1,"27":1,"28":1,"29":1,"30":1,"31":1,"32":1,"33":1,"34":1,"35":1,"36":1,"37":1,"38":1,"39":1,"40":1,"41":1,"42":1,"43":1,"44":1,"45":1,"46":1,"47":1,"48":1,"49":1,"50":1,"51":1,"52":37,"53":37,"54":4,"55":4,"56":4,"57":4,"58":37,"59":37,"60":37,"61":37,"62":37,"63":37,"64":37,"65":37,"66":37,"67":37,"68":37,"69":37,"70":4,"71":4,"72":37,"73":37,"74":37,"75":8,"76":37,"77":37,"78":37,"79":5,"80":5,"81":5,"82":5,"83":5,"84":5,"85":1,"86":5,"87":5,"88":5,"89":5,"90":37,"91":37,"92":12,"93":37,"94":37,"95":37,"96":8,"97":8,"98":1,"99":1,"100":1,"101":1,"102":37,"103":37,"104":37,"105":1,"106":1,"107":1,"108":1,"109":1,"110":37,"111":37,"112":1,"113":1,"114":1,"115":1,"116":1,"117":37,"118":37,"119":3,"120":3,"121":3,"122":2,"123":3,"124":3,"125":3,"126":1,"127":3,"128":3,"129":3,"130":3,"131":37,"132":37,"133":2,"134":2,"135":2,"136":1,"137":1,"138":1,"139":1,"140":1,"141":1,"142":2,"143":2,"144":2,"145":2,"146":37,"147":37,"148":34,"149":34,"150":37,"151":37,"152":37,"153":37,"154":37,"155":37,"156":37,"157":37,"158":37,"159":37,"160":37,"161":37,"162":170,"163":170,"164":170,"165":170,"166":170,"167":6,"168":6,"169":6,"170":6,"171":170,"172":170,"173":170,"174":170,"175":37,"176":37,"177":37,"178":37,"179":37,"180":37,"181":37,"182":37,"183":37,"184":37,"185":37,"186":37,"187":37,"188":37,"189":37,"190":37,"191":37,"192":37,"193":37,"194":37,"195":37,"196":37,"197":37,"198":37,"199":37,"200":37,"201":37,"202":37,"203":1,"204":1,"205":1,"206":1,"207":1,"208":1,"209":1,"210":1,"211":1,"212":1,"213":1,"214":1,"215":1,"216":1,"217":1,"218":1,"219":1,"220":1,"221":1,"222":1,"223":33,"224":25,"225":25,"226":25,"227":25,"228":25,"229":25,"230":25,"231":25,"232":25,"233":25,"234":25,"235":25,"236":25,"237":25,"238":25,"239":25,"240":25,"241":25,"242":25,"243":25,"244":25,"245":25,"246":25,"247":25,"248":25,"249":25,"250":25,"251":25,"252":25,"253":25,"254":25,"255":8,"256":1,"257":7,"258":2,"259":2,"260":2,"261":2,"262":2,"263":2,"264":2,"265":2,"266":2,"267":2,"268":2,"269":2,"270":5,"271":5,"272":37,"273":37,"274":37,"275":37,"276":37,"277":1,"278":1},"branchMap":{"0":{"type":"branch","line":53,"loc":{"start":{"line":53,"column":0},"end":{"line":277,"column":1}},"locations":[{"start":{"line":53,"column":0},"end":{"line":277,"column":1}}]},"1":{"type":"branch","line":148,"loc":{"start":{"line":148,"column":13},"end":{"line":148,"column":61}},"locations":[{"start":{"line":148,"column":13},"end":{"line":148,"column":61}}]},"2":{"type":"branch","line":148,"loc":{"start":{"line":148,"column":58},"end":{"line":151,"column":56}},"locations":[{"start":{"line":148,"column":58},"end":{"line":151,"column":56}}]},"3":{"type":"branch","line":151,"loc":{"start":{"line":151,"column":42},"end":{"line":151,"column":73}},"locations":[{"start":{"line":151,"column":42},"end":{"line":151,"column":73}}]},"4":{"type":"branch","line":151,"loc":{"start":{"line":151,"column":56},"end":{"line":151,"column":75}},"locations":[{"start":{"line":151,"column":56},"end":{"line":151,"column":75}}]},"5":{"type":"branch","line":151,"loc":{"start":{"line":151,"column":88},"end":{"line":151,"column":121}},"locations":[{"start":{"line":151,"column":88},"end":{"line":151,"column":121}}]},"6":{"type":"branch","line":151,"loc":{"start":{"line":151,"column":103},"end":{"line":151,"column":123}},"locations":[{"start":{"line":151,"column":103},"end":{"line":151,"column":123}}]},"7":{"type":"branch","line":203,"loc":{"start":{"line":203,"column":24},"end":{"line":223,"column":13}},"locations":[{"start":{"line":203,"column":24},"end":{"line":223,"column":13}}]},"8":{"type":"branch","line":223,"loc":{"start":{"line":223,"column":10},"end":{"line":272,"column":70}},"locations":[{"start":{"line":223,"column":10},"end":{"line":272,"column":70}}]},"9":{"type":"branch","line":224,"loc":{"start":{"line":224,"column":27},"end":{"line":255,"column":13}},"locations":[{"start":{"line":224,"column":27},"end":{"line":255,"column":13}}]},"10":{"type":"branch","line":226,"loc":{"start":{"line":226,"column":14},"end":{"line":226,"column":35}},"locations":[{"start":{"line":226,"column":14},"end":{"line":226,"column":35}}]},"11":{"type":"branch","line":226,"loc":{"start":{"line":226,"column":23},"end":{"line":226,"column":119}},"locations":[{"start":{"line":226,"column":23},"end":{"line":226,"column":119}}]},"12":{"type":"branch","line":226,"loc":{"start":{"line":226,"column":51},"end":{"line":226,"column":76}},"locations":[{"start":{"line":226,"column":51},"end":{"line":226,"column":76}}]},"13":{"type":"branch","line":226,"loc":{"start":{"line":226,"column":59},"end":{"line":226,"column":95}},"locations":[{"start":{"line":226,"column":59},"end":{"line":226,"column":95}}]},"14":{"type":"branch","line":226,"loc":{"start":{"line":226,"column":95},"end":{"line":226,"column":112}},"locations":[{"start":{"line":226,"column":95},"end":{"line":226,"column":112}}]},"15":{"type":"branch","line":236,"loc":{"start":{"line":236,"column":19},"end":{"line":236,"column":81}},"locations":[{"start":{"line":236,"column":19},"end":{"line":236,"column":81}}]},"16":{"type":"branch","line":244,"loc":{"start":{"line":244,"column":100},"end":{"line":244,"column":121}},"locations":[{"start":{"line":244,"column":100},"end":{"line":244,"column":121}}]},"17":{"type":"branch","line":255,"loc":{"start":{"line":255,"column":10},"end":{"line":272,"column":70}},"locations":[{"start":{"line":255,"column":10},"end":{"line":272,"column":70}}]},"18":{"type":"branch","line":256,"loc":{"start":{"line":256,"column":27},"end":{"line":257,"column":114}},"locations":[{"start":{"line":256,"column":27},"end":{"line":257,"column":114}}]},"19":{"type":"branch","line":257,"loc":{"start":{"line":257,"column":112},"end":{"line":272,"column":70}},"locations":[{"start":{"line":257,"column":112},"end":{"line":272,"column":70}}]},"20":{"type":"branch","line":258,"loc":{"start":{"line":258,"column":27},"end":{"line":270,"column":20}},"locations":[{"start":{"line":258,"column":27},"end":{"line":270,"column":20}}]},"21":{"type":"branch","line":270,"loc":{"start":{"line":270,"column":10},"end":{"line":272,"column":70}},"locations":[{"start":{"line":270,"column":10},"end":{"line":272,"column":70}}]},"22":{"type":"branch","line":54,"loc":{"start":{"line":54,"column":35},"end":{"line":59,"column":3}},"locations":[{"start":{"line":54,"column":35},"end":{"line":59,"column":3}}]},"23":{"type":"branch","line":56,"loc":{"start":{"line":56,"column":23},"end":{"line":56,"column":53}},"locations":[{"start":{"line":56,"column":23},"end":{"line":56,"column":53}}]},"24":{"type":"branch","line":56,"loc":{"start":{"line":56,"column":49},"end":{"line":56,"column":58}},"locations":[{"start":{"line":56,"column":49},"end":{"line":56,"column":58}}]},"25":{"type":"branch","line":57,"loc":{"start":{"line":57,"column":8},"end":{"line":57,"column":27}},"locations":[{"start":{"line":57,"column":8},"end":{"line":57,"column":27}}]},"26":{"type":"branch","line":57,"loc":{"start":{"line":57,"column":27},"end":{"line":57,"column":58}},"locations":[{"start":{"line":57,"column":27},"end":{"line":57,"column":58}}]},"27":{"type":"branch","line":70,"loc":{"start":{"line":70,"column":43},"end":{"line":73,"column":3}},"locations":[{"start":{"line":70,"column":43},"end":{"line":73,"column":3}}]},"28":{"type":"branch","line":72,"loc":{"start":{"line":72,"column":11},"end":{"line":72,"column":68}},"locations":[{"start":{"line":72,"column":11},"end":{"line":72,"column":68}}]},"29":{"type":"branch","line":72,"loc":{"start":{"line":72,"column":64},"end":{"line":72,"column":84}},"locations":[{"start":{"line":72,"column":64},"end":{"line":72,"column":84}}]},"30":{"type":"branch","line":75,"loc":{"start":{"line":75,"column":12},"end":{"line":77,"column":5}},"locations":[{"start":{"line":75,"column":12},"end":{"line":77,"column":5}}]},"31":{"type":"branch","line":79,"loc":{"start":{"line":79,"column":23},"end":{"line":90,"column":4}},"locations":[{"start":{"line":79,"column":23},"end":{"line":90,"column":4}}]},"32":{"type":"branch","line":82,"loc":{"start":{"line":82,"column":39},"end":{"line":83,"column":26}},"locations":[{"start":{"line":82,"column":39},"end":{"line":83,"column":26}}]},"33":{"type":"branch","line":83,"loc":{"start":{"line":83,"column":18},"end":{"line":83,"column":28}},"locations":[{"start":{"line":83,"column":18},"end":{"line":83,"column":28}}]},"34":{"type":"branch","line":85,"loc":{"start":{"line":85,"column":4},"end":{"line":87,"column":6}},"locations":[{"start":{"line":85,"column":4},"end":{"line":87,"column":6}}]},"35":{"type":"branch","line":92,"loc":{"start":{"line":92,"column":12},"end":{"line":94,"column":5}},"locations":[{"start":{"line":92,"column":12},"end":{"line":94,"column":5}}]},"36":{"type":"branch","line":93,"loc":{"start":{"line":93,"column":8},"end":{"line":93,"column":44}},"locations":[{"start":{"line":93,"column":8},"end":{"line":93,"column":44}}]},"37":{"type":"branch","line":93,"loc":{"start":{"line":93,"column":44},"end":{"line":93,"column":59}},"locations":[{"start":{"line":93,"column":44},"end":{"line":93,"column":59}}]},"38":{"type":"branch","line":96,"loc":{"start":{"line":96,"column":35},"end":{"line":103,"column":5}},"locations":[{"start":{"line":96,"column":35},"end":{"line":103,"column":5}}]},"39":{"type":"branch","line":98,"loc":{"start":{"line":98,"column":15},"end":{"line":98,"column":31}},"locations":[{"start":{"line":98,"column":15},"end":{"line":98,"column":31}}]},"40":{"type":"branch","line":98,"loc":{"start":{"line":98,"column":22},"end":{"line":102,"column":7}},"locations":[{"start":{"line":98,"column":22},"end":{"line":102,"column":7}}]},"41":{"type":"branch","line":99,"loc":{"start":{"line":99,"column":27},"end":{"line":102,"column":5}},"locations":[{"start":{"line":99,"column":27},"end":{"line":102,"column":5}}]},"42":{"type":"branch","line":105,"loc":{"start":{"line":105,"column":22},"end":{"line":110,"column":4}},"locations":[{"start":{"line":105,"column":22},"end":{"line":110,"column":4}}]},"43":{"type":"branch","line":112,"loc":{"start":{"line":112,"column":23},"end":{"line":117,"column":4}},"locations":[{"start":{"line":112,"column":23},"end":{"line":117,"column":4}}]},"44":{"type":"branch","line":119,"loc":{"start":{"line":119,"column":30},"end":{"line":131,"column":4}},"locations":[{"start":{"line":119,"column":30},"end":{"line":131,"column":4}}]},"45":{"type":"branch","line":122,"loc":{"start":{"line":122,"column":56},"end":{"line":124,"column":29}},"locations":[{"start":{"line":122,"column":56},"end":{"line":124,"column":29}}]},"46":{"type":"branch","line":124,"loc":{"start":{"line":124,"column":20},"end":{"line":124,"column":31}},"locations":[{"start":{"line":124,"column":20},"end":{"line":124,"column":31}}]},"47":{"type":"branch","line":126,"loc":{"start":{"line":126,"column":4},"end":{"line":128,"column":6}},"locations":[{"start":{"line":126,"column":4},"end":{"line":128,"column":6}}]},"48":{"type":"branch","line":133,"loc":{"start":{"line":133,"column":30},"end":{"line":146,"column":4}},"locations":[{"start":{"line":133,"column":30},"end":{"line":146,"column":4}}]},"49":{"type":"branch","line":136,"loc":{"start":{"line":136,"column":49},"end":{"line":143,"column":6}},"locations":[{"start":{"line":136,"column":49},"end":{"line":143,"column":6}}]},"50":{"type":"branch","line":162,"loc":{"start":{"line":162,"column":21},"end":{"line":175,"column":21}},"locations":[{"start":{"line":162,"column":21},"end":{"line":175,"column":21}}]},"51":{"type":"branch","line":164,"loc":{"start":{"line":164,"column":52},"end":{"line":164,"column":68}},"locations":[{"start":{"line":164,"column":52},"end":{"line":164,"column":68}}]},"52":{"type":"branch","line":164,"loc":{"start":{"line":164,"column":57},"end":{"line":164,"column":70}},"locations":[{"start":{"line":164,"column":57},"end":{"line":164,"column":70}}]},"53":{"type":"branch","line":167,"loc":{"start":{"line":167,"column":23},"end":{"line":171,"column":16}},"locations":[{"start":{"line":167,"column":23},"end":{"line":171,"column":16}}]},"54":{"type":"branch","line":241,"loc":{"start":{"line":241,"column":28},"end":{"line":241,"column":73}},"locations":[{"start":{"line":241,"column":28},"end":{"line":241,"column":73}}]}},"b":{"0":[37],"1":[3],"2":[34],"3":[16],"4":[18],"5":[19],"6":[15],"7":[1],"8":[33],"9":[25],"10":[21],"11":[5],"12":[4],"13":[1],"14":[1],"15":[7],"16":[7],"17":[8],"18":[1],"19":[7],"20":[2],"21":[5],"22":[4],"23":[2],"24":[2],"25":[2],"26":[2],"27":[4],"28":[1],"29":[3],"30":[8],"31":[5],"32":[4],"33":[0],"34":[1],"35":[12],"36":[9],"37":[4],"38":[8],"39":[7],"40":[1],"41":[1],"42":[1],"43":[1],"44":[3],"45":[2],"46":[0],"47":[1],"48":[2],"49":[1],"50":[170],"51":[34],"52":[136],"53":[6],"54":[1]},"fnMap":{"0":{"name":"App","decl":{"start":{"line":53,"column":0},"end":{"line":277,"column":1}},"loc":{"start":{"line":53,"column":0},"end":{"line":277,"column":1}},"line":53},"1":{"name":"loadPatients","decl":{"start":{"line":79,"column":23},"end":{"line":90,"column":4}},"loc":{"start":{"line":79,"column":23},"end":{"line":90,"column":4}},"line":79},"2":{"name":"handleLogin","decl":{"start":{"line":105,"column":22},"end":{"line":110,"column":4}},"loc":{"start":{"line":105,"column":22},"end":{"line":110,"column":4}},"line":105},"3":{"name":"handleLogout","decl":{"start":{"line":112,"column":23},"end":{"line":117,"column":4}},"loc":{"start":{"line":112,"column":23},"end":{"line":117,"column":4}},"line":112},"4":{"name":"handleSelectPatient","decl":{"start":{"line":119,"column":30},"end":{"line":131,"column":4}},"loc":{"start":{"line":119,"column":30},"end":{"line":131,"column":4}},"line":119},"5":{"name":"handleCreatePatient","decl":{"start":{"line":133,"column":30},"end":{"line":146,"column":4}},"loc":{"start":{"line":133,"column":30},"end":{"line":146,"column":4}},"line":133},"6":{"name":"onClick","decl":{"start":{"line":167,"column":23},"end":{"line":171,"column":16}},"loc":{"start":{"line":167,"column":23},"end":{"line":171,"column":16}},"line":167},"7":{"name":"onAppointmentCreated","decl":{"start":{"line":215,"column":40},"end":{"line":215,"column":89}},"loc":{"start":{"line":215,"column":40},"end":{"line":215,"column":89}},"line":215},"8":{"name":"onReassigned","decl":{"start":{"line":221,"column":28},"end":{"line":221,"column":77}},"loc":{"start":{"line":221,"column":28},"end":{"line":221,"column":77}},"line":221},"9":{"name":"onChange","decl":{"start":{"line":241,"column":28},"end":{"line":241,"column":73}},"loc":{"start":{"line":241,"column":28},"end":{"line":241,"column":73}},"line":241}},"f":{"0":37,"1":5,"2":1,"3":1,"4":3,"5":2,"6":6,"7":0,"8":0,"9":1}}
,"C:\\Users\\anton\\Downloads\\rednorte-proyecto\\rednorte-proyecto\\frontend\\src\\components\\AppointmentForm.jsx": {"path":"C:\\Users\\anton\\Downloads\\rednorte-proyecto\\rednorte-proyecto\\frontend\\src\\components\\AppointmentForm.jsx","all":false,"statementMap":{"0":{"start":{"line":1,"column":0},"end":{"line":1,"column":44}},"1":{"start":{"line":2,"column":0},"end":{"line":2,"column":67}},"2":{"start":{"line":3,"column":0},"end":{"line":3,"column":0}},"3":{"start":{"line":4,"column":0},"end":{"line":4,"column":52}},"4":{"start":{"line":5,"column":0},"end":{"line":5,"column":44}},"5":{"start":{"line":6,"column":0},"end":{"line":6,"column":19}},"6":{"start":{"line":7,"column":0},"end":{"line":7,"column":21}},"7":{"start":{"line":8,"column":0},"end":{"line":8,"column":14}},"8":{"start":{"line":9,"column":0},"end":{"line":9,"column":13}},"9":{"start":{"line":10,"column":0},"end":{"line":10,"column":14}},"10":{"start":{"line":11,"column":0},"end":{"line":11,"column":5}},"11":{"start":{"line":12,"column":0},"end":{"line":12,"column":48}},"12":{"start":{"line":13,"column":0},"end":{"line":13,"column":49}},"13":{"start":{"line":14,"column":0},"end":{"line":14,"column":37}},"14":{"start":{"line":15,"column":0},"end":{"line":15,"column":18}},"15":{"start":{"line":16,"column":0},"end":{"line":16,"column":16}},"16":{"start":{"line":17,"column":0},"end":{"line":17,"column":20}},"17":{"start":{"line":18,"column":0},"end":{"line":18,"column":18}},"18":{"start":{"line":19,"column":0},"end":{"line":19,"column":19}},"19":{"start":{"line":20,"column":0},"end":{"line":20,"column":18}},"20":{"start":{"line":21,"column":0},"end":{"line":21,"column":5}},"21":{"start":{"line":22,"column":0},"end":{"line":22,"column":0}},"22":{"start":{"line":23,"column":0},"end":{"line":23,"column":19}},"23":{"start":{"line":24,"column":0},"end":{"line":24,"column":20}},"24":{"start":{"line":25,"column":0},"end":{"line":25,"column":9}},"25":{"start":{"line":26,"column":0},"end":{"line":26,"column":0}},"26":{"start":{"line":27,"column":0},"end":{"line":27,"column":37}},"27":{"start":{"line":28,"column":0},"end":{"line":28,"column":9}},"28":{"start":{"line":29,"column":0},"end":{"line":29,"column":41}},"29":{"start":{"line":30,"column":0},"end":{"line":30,"column":31}},"30":{"start":{"line":31,"column":0},"end":{"line":31,"column":21}},"31":{"start":{"line":32,"column":0},"end":{"line":32,"column":56}},"32":{"start":{"line":33,"column":0},"end":{"line":33,"column":5}},"33":{"start":{"line":34,"column":0},"end":{"line":34,"column":4}},"34":{"start":{"line":35,"column":0},"end":{"line":35,"column":0}},"35":{"start":{"line":36,"column":0},"end":{"line":36,"column":31}},"36":{"start":{"line":37,"column":0},"end":{"line":37,"column":17}},"37":{"start":{"line":38,"column":0},"end":{"line":38,"column":18}},"38":{"start":{"line":39,"column":0},"end":{"line":39,"column":37}},"39":{"start":{"line":40,"column":0},"end":{"line":40,"column":7}},"40":{"start":{"line":41,"column":0},"end":{"line":41,"column":4}},"41":{"start":{"line":42,"column":0},"end":{"line":42,"column":0}},"42":{"start":{"line":43,"column":0},"end":{"line":43,"column":37}},"43":{"start":{"line":44,"column":0},"end":{"line":44,"column":23}},"44":{"start":{"line":45,"column":0},"end":{"line":45,"column":21}},"45":{"start":{"line":46,"column":0},"end":{"line":46,"column":0}},"46":{"start":{"line":47,"column":0},"end":{"line":47,"column":9}},"47":{"start":{"line":48,"column":0},"end":{"line":48,"column":31}},"48":{"start":{"line":49,"column":0},"end":{"line":49,"column":50}},"49":{"start":{"line":50,"column":0},"end":{"line":50,"column":44}},"50":{"start":{"line":51,"column":0},"end":{"line":51,"column":30}},"51":{"start":{"line":52,"column":0},"end":{"line":52,"column":28}},"52":{"start":{"line":53,"column":0},"end":{"line":53,"column":32}},"53":{"start":{"line":54,"column":0},"end":{"line":54,"column":28}},"54":{"start":{"line":55,"column":0},"end":{"line":55,"column":8}},"55":{"start":{"line":56,"column":0},"end":{"line":56,"column":0}},"56":{"start":{"line":57,"column":0},"end":{"line":57,"column":63}},"57":{"start":{"line":58,"column":0},"end":{"line":58,"column":43}},"58":{"start":{"line":59,"column":0},"end":{"line":59,"column":0}},"59":{"start":{"line":60,"column":0},"end":{"line":60,"column":27}},"60":{"start":{"line":61,"column":0},"end":{"line":61,"column":19}},"61":{"start":{"line":62,"column":0},"end":{"line":62,"column":23}},"62":{"start":{"line":63,"column":0},"end":{"line":63,"column":25}},"63":{"start":{"line":64,"column":0},"end":{"line":64,"column":18}},"64":{"start":{"line":65,"column":0},"end":{"line":65,"column":17}},"65":{"start":{"line":66,"column":0},"end":{"line":66,"column":18}},"66":{"start":{"line":67,"column":0},"end":{"line":67,"column":9}},"67":{"start":{"line":68,"column":0},"end":{"line":68,"column":42}},"68":{"start":{"line":69,"column":0},"end":{"line":69,"column":21}},"69":{"start":{"line":70,"column":0},"end":{"line":70,"column":37}},"70":{"start":{"line":71,"column":0},"end":{"line":71,"column":49}},"71":{"start":{"line":72,"column":0},"end":{"line":72,"column":5}},"72":{"start":{"line":73,"column":0},"end":{"line":73,"column":0}},"73":{"start":{"line":74,"column":0},"end":{"line":74,"column":22}},"74":{"start":{"line":75,"column":0},"end":{"line":75,"column":4}},"75":{"start":{"line":76,"column":0},"end":{"line":76,"column":0}},"76":{"start":{"line":77,"column":0},"end":{"line":77,"column":10}},"77":{"start":{"line":78,"column":0},"end":{"line":78,"column":59}},"78":{"start":{"line":79,"column":0},"end":{"line":79,"column":37}},"79":{"start":{"line":80,"column":0},"end":{"line":80,"column":58}},"80":{"start":{"line":81,"column":0},"end":{"line":81,"column":35}},"81":{"start":{"line":82,"column":0},"end":{"line":82,"column":21}},"82":{"start":{"line":83,"column":0},"end":{"line":83,"column":31}},"83":{"start":{"line":84,"column":0},"end":{"line":84,"column":33}},"84":{"start":{"line":85,"column":0},"end":{"line":85,"column":43}},"85":{"start":{"line":86,"column":0},"end":{"line":86,"column":39}},"86":{"start":{"line":87,"column":0},"end":{"line":87,"column":24}},"87":{"start":{"line":88,"column":0},"end":{"line":88,"column":15}},"88":{"start":{"line":89,"column":0},"end":{"line":89,"column":62}},"89":{"start":{"line":90,"column":0},"end":{"line":90,"column":44}},"90":{"start":{"line":91,"column":0},"end":{"line":91,"column":64}},"91":{"start":{"line":92,"column":0},"end":{"line":92,"column":74}},"92":{"start":{"line":93,"column":0},"end":{"line":93,"column":27}},"93":{"start":{"line":94,"column":0},"end":{"line":94,"column":19}},"94":{"start":{"line":95,"column":0},"end":{"line":95,"column":23}},"95":{"start":{"line":96,"column":0},"end":{"line":96,"column":20}},"96":{"start":{"line":97,"column":0},"end":{"line":97,"column":0}},"97":{"start":{"line":98,"column":0},"end":{"line":98,"column":60}},"98":{"start":{"line":99,"column":0},"end":{"line":99,"column":39}},"99":{"start":{"line":100,"column":0},"end":{"line":100,"column":21}},"100":{"start":{"line":101,"column":0},"end":{"line":101,"column":33}},"101":{"start":{"line":102,"column":0},"end":{"line":102,"column":35}},"102":{"start":{"line":103,"column":0},"end":{"line":103,"column":45}},"103":{"start":{"line":104,"column":0},"end":{"line":104,"column":39}},"104":{"start":{"line":105,"column":0},"end":{"line":105,"column":24}},"105":{"start":{"line":106,"column":0},"end":{"line":106,"column":15}},"106":{"start":{"line":107,"column":0},"end":{"line":107,"column":66}},"107":{"start":{"line":108,"column":0},"end":{"line":108,"column":44}},"108":{"start":{"line":109,"column":0},"end":{"line":109,"column":62}},"109":{"start":{"line":110,"column":0},"end":{"line":110,"column":19}},"110":{"start":{"line":111,"column":0},"end":{"line":111,"column":23}},"111":{"start":{"line":112,"column":0},"end":{"line":112,"column":20}},"112":{"start":{"line":113,"column":0},"end":{"line":113,"column":16}},"113":{"start":{"line":114,"column":0},"end":{"line":114,"column":0}},"114":{"start":{"line":115,"column":0},"end":{"line":115,"column":37}},"115":{"start":{"line":116,"column":0},"end":{"line":116,"column":53}},"116":{"start":{"line":117,"column":0},"end":{"line":117,"column":32}},"117":{"start":{"line":118,"column":0},"end":{"line":118,"column":20}},"118":{"start":{"line":119,"column":0},"end":{"line":119,"column":27}},"119":{"start":{"line":120,"column":0},"end":{"line":120,"column":26}},"120":{"start":{"line":121,"column":0},"end":{"line":121,"column":28}},"121":{"start":{"line":122,"column":0},"end":{"line":122,"column":38}},"122":{"start":{"line":123,"column":0},"end":{"line":123,"column":39}},"123":{"start":{"line":124,"column":0},"end":{"line":124,"column":60}},"124":{"start":{"line":125,"column":0},"end":{"line":125,"column":24}},"125":{"start":{"line":126,"column":0},"end":{"line":126,"column":16}},"126":{"start":{"line":127,"column":0},"end":{"line":127,"column":20}},"127":{"start":{"line":128,"column":0},"end":{"line":128,"column":0}},"128":{"start":{"line":129,"column":0},"end":{"line":129,"column":52}},"129":{"start":{"line":130,"column":0},"end":{"line":130,"column":31}},"130":{"start":{"line":131,"column":0},"end":{"line":131,"column":20}},"131":{"start":{"line":132,"column":0},"end":{"line":132,"column":27}},"132":{"start":{"line":133,"column":0},"end":{"line":133,"column":25}},"133":{"start":{"line":134,"column":0},"end":{"line":134,"column":27}},"134":{"start":{"line":135,"column":0},"end":{"line":135,"column":37}},"135":{"start":{"line":136,"column":0},"end":{"line":136,"column":39}},"136":{"start":{"line":137,"column":0},"end":{"line":137,"column":24}},"137":{"start":{"line":138,"column":0},"end":{"line":138,"column":16}},"138":{"start":{"line":139,"column":0},"end":{"line":139,"column":20}},"139":{"start":{"line":140,"column":0},"end":{"line":140,"column":16}},"140":{"start":{"line":141,"column":0},"end":{"line":141,"column":0}},"141":{"start":{"line":142,"column":0},"end":{"line":142,"column":52}},"142":{"start":{"line":143,"column":0},"end":{"line":143,"column":46}},"143":{"start":{"line":144,"column":0},"end":{"line":144,"column":21}},"144":{"start":{"line":145,"column":0},"end":{"line":145,"column":25}},"145":{"start":{"line":146,"column":0},"end":{"line":146,"column":27}},"146":{"start":{"line":147,"column":0},"end":{"line":147,"column":37}},"147":{"start":{"line":148,"column":0},"end":{"line":148,"column":37}},"148":{"start":{"line":149,"column":0},"end":{"line":149,"column":72}},"149":{"start":{"line":150,"column":0},"end":{"line":150,"column":22}},"150":{"start":{"line":151,"column":0},"end":{"line":151,"column":22}},"151":{"start":{"line":152,"column":0},"end":{"line":152,"column":14}},"152":{"start":{"line":153,"column":0},"end":{"line":153,"column":18}},"153":{"start":{"line":154,"column":0},"end":{"line":154,"column":0}},"154":{"start":{"line":155,"column":0},"end":{"line":155,"column":78}},"155":{"start":{"line":156,"column":0},"end":{"line":156,"column":55}},"156":{"start":{"line":157,"column":0},"end":{"line":157,"column":19}},"157":{"start":{"line":158,"column":0},"end":{"line":158,"column":15}},"158":{"start":{"line":159,"column":0},"end":{"line":159,"column":4}},"159":{"start":{"line":160,"column":0},"end":{"line":160,"column":1}},"160":{"start":{"line":161,"column":0},"end":{"line":161,"column":0}},"161":{"start":{"line":162,"column":0},"end":{"line":162,"column":31}}},"s":{"0":1,"1":1,"2":1,"3":21,"4":21,"5":21,"6":21,"7":21,"8":21,"9":21,"10":21,"11":21,"12":21,"13":21,"14":21,"15":21,"16":21,"17":21,"18":21,"19":21,"20":21,"21":21,"22":21,"23":4,"24":21,"25":21,"26":21,"27":4,"28":4,"29":4,"30":4,"31":1,"32":1,"33":4,"34":21,"35":21,"36":10,"37":10,"38":10,"39":10,"40":10,"41":21,"42":21,"43":2,"44":2,"45":2,"46":2,"47":2,"48":2,"49":2,"50":2,"51":2,"52":2,"53":2,"54":2,"55":2,"56":2,"57":1,"58":1,"59":1,"60":1,"61":1,"62":1,"63":1,"64":1,"65":1,"66":1,"67":1,"68":1,"69":1,"70":1,"71":1,"72":2,"73":2,"74":2,"75":21,"76":21,"77":21,"78":21,"79":21,"80":21,"81":21,"82":21,"83":21,"84":21,"85":21,"86":21,"87":21,"88":21,"89":21,"90":17,"91":17,"92":17,"93":21,"94":21,"95":21,"96":21,"97":21,"98":21,"99":21,"100":21,"101":21,"102":21,"103":21,"104":21,"105":21,"106":21,"107":21,"108":126,"109":21,"110":21,"111":21,"112":21,"113":21,"114":21,"115":21,"116":21,"117":21,"118":21,"119":21,"120":21,"121":21,"122":21,"123":21,"124":21,"125":21,"126":21,"127":21,"128":21,"129":21,"130":21,"131":21,"132":21,"133":21,"134":21,"135":21,"136":21,"137":21,"138":21,"139":21,"140":21,"141":21,"142":21,"143":21,"144":21,"145":21,"146":21,"147":21,"148":21,"149":21,"150":21,"151":21,"152":21,"153":21,"154":21,"155":21,"156":21,"157":21,"158":21,"159":21,"160":1,"161":1},"branchMap":{"0":{"type":"branch","line":4,"loc":{"start":{"line":4,"column":0},"end":{"line":160,"column":1}},"locations":[{"start":{"line":4,"column":0},"end":{"line":160,"column":1}}]},"1":{"type":"branch","line":156,"loc":{"start":{"line":156,"column":13},"end":{"line":156,"column":40}},"locations":[{"start":{"line":156,"column":13},"end":{"line":156,"column":40}}]},"2":{"type":"branch","line":156,"loc":{"start":{"line":156,"column":23},"end":{"line":156,"column":55}},"locations":[{"start":{"line":156,"column":23},"end":{"line":156,"column":55}}]},"3":{"type":"branch","line":23,"loc":{"start":{"line":23,"column":12},"end":{"line":25,"column":5}},"locations":[{"start":{"line":23,"column":12},"end":{"line":25,"column":5}}]},"4":{"type":"branch","line":27,"loc":{"start":{"line":27,"column":24},"end":{"line":34,"column":4}},"locations":[{"start":{"line":27,"column":24},"end":{"line":34,"column":4}}]},"5":{"type":"branch","line":29,"loc":{"start":{"line":29,"column":39},"end":{"line":30,"column":27}},"locations":[{"start":{"line":29,"column":39},"end":{"line":30,"column":27}}]},"6":{"type":"branch","line":30,"loc":{"start":{"line":30,"column":19},"end":{"line":30,"column":29}},"locations":[{"start":{"line":30,"column":19},"end":{"line":30,"column":29}}]},"7":{"type":"branch","line":31,"loc":{"start":{"line":31,"column":4},"end":{"line":33,"column":5}},"locations":[{"start":{"line":31,"column":4},"end":{"line":33,"column":5}}]},"8":{"type":"branch","line":36,"loc":{"start":{"line":36,"column":23},"end":{"line":41,"column":4}},"locations":[{"start":{"line":36,"column":23},"end":{"line":41,"column":4}}]},"9":{"type":"branch","line":43,"loc":{"start":{"line":43,"column":23},"end":{"line":75,"column":4}},"locations":[{"start":{"line":43,"column":23},"end":{"line":75,"column":4}}]},"10":{"type":"branch","line":57,"loc":{"start":{"line":57,"column":61},"end":{"line":72,"column":5}},"locations":[{"start":{"line":57,"column":61},"end":{"line":72,"column":5}}]},"11":{"type":"branch","line":90,"loc":{"start":{"line":90,"column":31},"end":{"line":93,"column":27}},"locations":[{"start":{"line":90,"column":31},"end":{"line":93,"column":27}}]},"12":{"type":"branch","line":108,"loc":{"start":{"line":108,"column":36},"end":{"line":109,"column":62}},"locations":[{"start":{"line":108,"column":36},"end":{"line":109,"column":62}}]}},"b":{"0":[21],"1":[2],"2":[19],"3":[4],"4":[4],"5":[3],"6":[0],"7":[1],"8":[10],"9":[2],"10":[1],"11":[17],"12":[126]},"fnMap":{"0":{"name":"AppointmentForm","decl":{"start":{"line":4,"column":0},"end":{"line":160,"column":1}},"loc":{"start":{"line":4,"column":0},"end":{"line":160,"column":1}},"line":4},"1":{"name":"loadPacientes","decl":{"start":{"line":27,"column":24},"end":{"line":34,"column":4}},"loc":{"start":{"line":27,"column":24},"end":{"line":34,"column":4}},"line":27},"2":{"name":"handleChange","decl":{"start":{"line":36,"column":23},"end":{"line":41,"column":4}},"loc":{"start":{"line":36,"column":23},"end":{"line":41,"column":4}},"line":36},"3":{"name":"handleSubmit","decl":{"start":{"line":43,"column":23},"end":{"line":75,"column":4}},"loc":{"start":{"line":43,"column":23},"end":{"line":75,"column":4}},"line":43}},"f":{"0":21,"1":4,"2":10,"3":2}}
,"C:\\Users\\anton\\Downloads\\rednorte-proyecto\\rednorte-proyecto\\frontend\\src\\components\\CitasPublic.jsx": {"path":"C:\\Users\\anton\\Downloads\\rednorte-proyecto\\rednorte-proyecto\\frontend\\src\\components\\CitasPublic.jsx","all":false,"statementMap":{"0":{"start":{"line":1,"column":0},"end":{"line":1,"column":44}},"1":{"start":{"line":2,"column":0},"end":{"line":2,"column":45}},"2":{"start":{"line":3,"column":0},"end":{"line":3,"column":55}},"3":{"start":{"line":4,"column":0},"end":{"line":4,"column":0}},"4":{"start":{"line":5,"column":0},"end":{"line":5,"column":42}},"5":{"start":{"line":6,"column":0},"end":{"line":6,"column":41}},"6":{"start":{"line":7,"column":0},"end":{"line":7,"column":47}},"7":{"start":{"line":8,"column":0},"end":{"line":8,"column":41}},"8":{"start":{"line":9,"column":0},"end":{"line":9,"column":0}},"9":{"start":{"line":10,"column":0},"end":{"line":10,"column":19}},"10":{"start":{"line":11,"column":0},"end":{"line":11,"column":21}},"11":{"start":{"line":12,"column":0},"end":{"line":12,"column":19}},"12":{"start":{"line":13,"column":0},"end":{"line":13,"column":23}},"13":{"start":{"line":14,"column":0},"end":{"line":14,"column":29}},"14":{"start":{"line":15,"column":0},"end":{"line":15,"column":21}},"15":{"start":{"line":16,"column":0},"end":{"line":16,"column":8}},"16":{"start":{"line":17,"column":0},"end":{"line":17,"column":60}},"17":{"start":{"line":18,"column":0},"end":{"line":18,"column":40}},"18":{"start":{"line":19,"column":0},"end":{"line":19,"column":19}},"19":{"start":{"line":20,"column":0},"end":{"line":20,"column":0}},"20":{"start":{"line":21,"column":0},"end":{"line":21,"column":10}},"21":{"start":{"line":22,"column":0},"end":{"line":22,"column":31}},"22":{"start":{"line":23,"column":0},"end":{"line":23,"column":36}},"23":{"start":{"line":24,"column":0},"end":{"line":24,"column":13}},"24":{"start":{"line":25,"column":0},"end":{"line":25,"column":64}},"25":{"start":{"line":26,"column":0},"end":{"line":26,"column":33}},"26":{"start":{"line":27,"column":0},"end":{"line":27,"column":90}},"27":{"start":{"line":28,"column":0},"end":{"line":28,"column":14}},"28":{"start":{"line":29,"column":0},"end":{"line":29,"column":35}},"29":{"start":{"line":30,"column":0},"end":{"line":30,"column":12}},"30":{"start":{"line":31,"column":0},"end":{"line":31,"column":0}},"31":{"start":{"line":32,"column":0},"end":{"line":32,"column":18}},"32":{"start":{"line":33,"column":0},"end":{"line":33,"column":77}},"33":{"start":{"line":34,"column":0},"end":{"line":34,"column":19}},"34":{"start":{"line":35,"column":0},"end":{"line":35,"column":51}},"35":{"start":{"line":36,"column":0},"end":{"line":36,"column":26}},"36":{"start":{"line":37,"column":0},"end":{"line":37,"column":42}},"37":{"start":{"line":38,"column":0},"end":{"line":38,"column":32}},"38":{"start":{"line":39,"column":0},"end":{"line":39,"column":64}},"39":{"start":{"line":40,"column":0},"end":{"line":40,"column":19}},"40":{"start":{"line":41,"column":0},"end":{"line":41,"column":83}},"41":{"start":{"line":42,"column":0},"end":{"line":42,"column":70}},"42":{"start":{"line":43,"column":0},"end":{"line":43,"column":20}},"43":{"start":{"line":44,"column":0},"end":{"line":44,"column":81}},"44":{"start":{"line":45,"column":0},"end":{"line":45,"column":22}},"45":{"start":{"line":46,"column":0},"end":{"line":46,"column":13}},"46":{"start":{"line":47,"column":0},"end":{"line":47,"column":14}},"47":{"start":{"line":48,"column":0},"end":{"line":48,"column":11}},"48":{"start":{"line":49,"column":0},"end":{"line":49,"column":37}},"49":{"start":{"line":50,"column":0},"end":{"line":50,"column":51}},"50":{"start":{"line":51,"column":0},"end":{"line":51,"column":73}},"51":{"start":{"line":52,"column":0},"end":{"line":52,"column":14}},"52":{"start":{"line":53,"column":0},"end":{"line":53,"column":8}},"53":{"start":{"line":54,"column":0},"end":{"line":54,"column":14}},"54":{"start":{"line":55,"column":0},"end":{"line":55,"column":4}},"55":{"start":{"line":56,"column":0},"end":{"line":56,"column":1}},"56":{"start":{"line":57,"column":0},"end":{"line":57,"column":0}},"57":{"start":{"line":58,"column":0},"end":{"line":58,"column":27}}},"s":{"0":1,"1":1,"2":1,"3":1,"4":16,"5":16,"6":16,"7":16,"8":16,"9":16,"10":4,"11":4,"12":4,"13":3,"14":3,"15":4,"16":4,"17":4,"18":16,"19":16,"20":16,"21":16,"22":16,"23":16,"24":16,"25":16,"26":16,"27":16,"28":16,"29":16,"30":16,"31":16,"32":8,"33":8,"34":2,"35":6,"36":2,"37":2,"38":2,"39":2,"40":2,"41":2,"42":2,"43":2,"44":2,"45":2,"46":2,"47":4,"48":4,"49":4,"50":4,"51":4,"52":16,"53":16,"54":16,"55":16,"56":1,"57":1},"branchMap":{"0":{"type":"branch","line":5,"loc":{"start":{"line":5,"column":0},"end":{"line":56,"column":1}},"locations":[{"start":{"line":5,"column":0},"end":{"line":56,"column":1}}]},"1":{"type":"branch","line":32,"loc":{"start":{"line":32,"column":7},"end":{"line":33,"column":77}},"locations":[{"start":{"line":32,"column":7},"end":{"line":33,"column":77}}]},"2":{"type":"branch","line":33,"loc":{"start":{"line":33,"column":71},"end":{"line":52,"column":14}},"locations":[{"start":{"line":33,"column":71},"end":{"line":52,"column":14}}]},"3":{"type":"branch","line":34,"loc":{"start":{"line":34,"column":10},"end":{"line":35,"column":51}},"locations":[{"start":{"line":34,"column":10},"end":{"line":35,"column":51}}]},"4":{"type":"branch","line":35,"loc":{"start":{"line":35,"column":45},"end":{"line":52,"column":14}},"locations":[{"start":{"line":35,"column":45},"end":{"line":52,"column":14}}]},"5":{"type":"branch","line":36,"loc":{"start":{"line":36,"column":16},"end":{"line":47,"column":14}},"locations":[{"start":{"line":36,"column":16},"end":{"line":47,"column":14}}]},"6":{"type":"branch","line":47,"loc":{"start":{"line":47,"column":8},"end":{"line":52,"column":14}},"locations":[{"start":{"line":47,"column":8},"end":{"line":52,"column":14}}]},"7":{"type":"branch","line":10,"loc":{"start":{"line":10,"column":12},"end":{"line":19,"column":5}},"locations":[{"start":{"line":10,"column":12},"end":{"line":19,"column":5}}]},"8":{"type":"branch","line":13,"loc":{"start":{"line":13,"column":12},"end":{"line":16,"column":7}},"locations":[{"start":{"line":13,"column":12},"end":{"line":16,"column":7}}]},"9":{"type":"branch","line":14,"loc":{"start":{"line":14,"column":17},"end":{"line":14,"column":27}},"locations":[{"start":{"line":14,"column":17},"end":{"line":14,"column":27}}]},"10":{"type":"branch","line":17,"loc":{"start":{"line":17,"column":13},"end":{"line":17,"column":59}},"locations":[{"start":{"line":17,"column":13},"end":{"line":17,"column":59}}]},"11":{"type":"branch","line":18,"loc":{"start":{"line":18,"column":15},"end":{"line":18,"column":38}},"locations":[{"start":{"line":18,"column":15},"end":{"line":18,"column":38}}]},"12":{"type":"branch","line":38,"loc":{"start":{"line":38,"column":21},"end":{"line":45,"column":22}},"locations":[{"start":{"line":38,"column":21},"end":{"line":45,"column":22}}]},"13":{"type":"branch","line":41,"loc":{"start":{"line":41,"column":45},"end":{"line":41,"column":74}},"locations":[{"start":{"line":41,"column":45},"end":{"line":41,"column":74}}]}},"b":{"0":[16],"1":[8],"2":[8],"3":[2],"4":[6],"5":[2],"6":[4],"7":[4],"8":[3],"9":[0],"10":[1],"11":[4],"12":[2],"13":[0]},"fnMap":{"0":{"name":"CitasPublic","decl":{"start":{"line":5,"column":0},"end":{"line":56,"column":1}},"loc":{"start":{"line":5,"column":0},"end":{"line":56,"column":1}},"line":5}},"f":{"0":16}}
,"C:\\Users\\anton\\Downloads\\rednorte-proyecto\\rednorte-proyecto\\frontend\\src\\components\\Login.jsx": {"path":"C:\\Users\\anton\\Downloads\\rednorte-proyecto\\rednorte-proyecto\\frontend\\src\\components\\Login.jsx","all":false,"statementMap":{"0":{"start":{"line":1,"column":0},"end":{"line":1,"column":33}},"1":{"start":{"line":2,"column":0},"end":{"line":2,"column":69}},"2":{"start":{"line":3,"column":0},"end":{"line":3,"column":57}},"3":{"start":{"line":4,"column":0},"end":{"line":4,"column":21}},"4":{"start":{"line":5,"column":0},"end":{"line":5,"column":0}},"5":{"start":{"line":6,"column":0},"end":{"line":6,"column":36}},"6":{"start":{"line":7,"column":0},"end":{"line":7,"column":0}},"7":{"start":{"line":8,"column":0},"end":{"line":8,"column":51}},"8":{"start":{"line":9,"column":0},"end":{"line":9,"column":44}},"9":{"start":{"line":10,"column":0},"end":{"line":10,"column":50}},"10":{"start":{"line":11,"column":0},"end":{"line":11,"column":14}},"11":{"start":{"line":12,"column":0},"end":{"line":12,"column":16}},"12":{"start":{"line":13,"column":0},"end":{"line":13,"column":5}},"13":{"start":{"line":14,"column":0},"end":{"line":14,"column":52}},"14":{"start":{"line":15,"column":0},"end":{"line":15,"column":13}},"15":{"start":{"line":16,"column":0},"end":{"line":16,"column":14}},"16":{"start":{"line":17,"column":0},"end":{"line":17,"column":17}},"17":{"start":{"line":18,"column":0},"end":{"line":18,"column":23}},"18":{"start":{"line":19,"column":0},"end":{"line":19,"column":5}},"19":{"start":{"line":20,"column":0},"end":{"line":20,"column":41}},"20":{"start":{"line":21,"column":0},"end":{"line":21,"column":45}},"21":{"start":{"line":22,"column":0},"end":{"line":22,"column":60}},"22":{"start":{"line":23,"column":0},"end":{"line":23,"column":0}},"23":{"start":{"line":24,"column":0},"end":{"line":24,"column":46}},"24":{"start":{"line":25,"column":0},"end":{"line":25,"column":27}},"25":{"start":{"line":26,"column":0},"end":{"line":26,"column":17}},"26":{"start":{"line":27,"column":0},"end":{"line":27,"column":19}},"27":{"start":{"line":28,"column":0},"end":{"line":28,"column":0}},"28":{"start":{"line":29,"column":0},"end":{"line":29,"column":57}},"29":{"start":{"line":30,"column":0},"end":{"line":30,"column":0}},"30":{"start":{"line":31,"column":0},"end":{"line":31,"column":40}},"31":{"start":{"line":32,"column":0},"end":{"line":32,"column":60}},"32":{"start":{"line":33,"column":0},"end":{"line":33,"column":13}},"33":{"start":{"line":34,"column":0},"end":{"line":34,"column":5}},"34":{"start":{"line":35,"column":0},"end":{"line":35,"column":0}},"35":{"start":{"line":36,"column":0},"end":{"line":36,"column":9}},"36":{"start":{"line":37,"column":0},"end":{"line":37,"column":38}},"37":{"start":{"line":38,"column":0},"end":{"line":38,"column":14}},"38":{"start":{"line":39,"column":0},"end":{"line":39,"column":38}},"39":{"start":{"line":40,"column":0},"end":{"line":40,"column":9}},"40":{"start":{"line":41,"column":0},"end":{"line":41,"column":47}},"41":{"start":{"line":42,"column":0},"end":{"line":42,"column":90}},"42":{"start":{"line":43,"column":0},"end":{"line":43,"column":17}},"43":{"start":{"line":44,"column":0},"end":{"line":44,"column":86}},"44":{"start":{"line":45,"column":0},"end":{"line":45,"column":5}},"45":{"start":{"line":46,"column":0},"end":{"line":46,"column":4}},"46":{"start":{"line":47,"column":0},"end":{"line":47,"column":0}},"47":{"start":{"line":48,"column":0},"end":{"line":48,"column":49}},"48":{"start":{"line":49,"column":0},"end":{"line":49,"column":27}},"49":{"start":{"line":50,"column":0},"end":{"line":50,"column":17}},"50":{"start":{"line":51,"column":0},"end":{"line":51,"column":19}},"51":{"start":{"line":52,"column":0},"end":{"line":52,"column":0}},"52":{"start":{"line":53,"column":0},"end":{"line":53,"column":58}},"53":{"start":{"line":54,"column":0},"end":{"line":54,"column":42}},"54":{"start":{"line":55,"column":0},"end":{"line":55,"column":0}},"55":{"start":{"line":56,"column":0},"end":{"line":56,"column":16}},"56":{"start":{"line":57,"column":0},"end":{"line":57,"column":48}},"57":{"start":{"line":58,"column":0},"end":{"line":58,"column":13}},"58":{"start":{"line":59,"column":0},"end":{"line":59,"column":5}},"59":{"start":{"line":60,"column":0},"end":{"line":60,"column":0}},"60":{"start":{"line":61,"column":0},"end":{"line":61,"column":40}},"61":{"start":{"line":62,"column":0},"end":{"line":62,"column":66}},"62":{"start":{"line":63,"column":0},"end":{"line":63,"column":13}},"63":{"start":{"line":64,"column":0},"end":{"line":64,"column":5}},"64":{"start":{"line":65,"column":0},"end":{"line":65,"column":0}},"65":{"start":{"line":66,"column":0},"end":{"line":66,"column":43}},"66":{"start":{"line":67,"column":0},"end":{"line":67,"column":66}},"67":{"start":{"line":68,"column":0},"end":{"line":68,"column":13}},"68":{"start":{"line":69,"column":0},"end":{"line":69,"column":5}},"69":{"start":{"line":70,"column":0},"end":{"line":70,"column":0}},"70":{"start":{"line":71,"column":0},"end":{"line":71,"column":65}},"71":{"start":{"line":72,"column":0},"end":{"line":72,"column":48}},"72":{"start":{"line":73,"column":0},"end":{"line":73,"column":13}},"73":{"start":{"line":74,"column":0},"end":{"line":74,"column":5}},"74":{"start":{"line":75,"column":0},"end":{"line":75,"column":0}},"75":{"start":{"line":76,"column":0},"end":{"line":76,"column":9}},"76":{"start":{"line":77,"column":0},"end":{"line":77,"column":90}},"77":{"start":{"line":78,"column":0},"end":{"line":78,"column":47}},"78":{"start":{"line":79,"column":0},"end":{"line":79,"column":46}},"79":{"start":{"line":80,"column":0},"end":{"line":80,"column":82}},"80":{"start":{"line":81,"column":0},"end":{"line":81,"column":68}},"81":{"start":{"line":82,"column":0},"end":{"line":82,"column":23}},"82":{"start":{"line":83,"column":0},"end":{"line":83,"column":17}},"83":{"start":{"line":84,"column":0},"end":{"line":84,"column":93}},"84":{"start":{"line":85,"column":0},"end":{"line":85,"column":5}},"85":{"start":{"line":86,"column":0},"end":{"line":86,"column":4}},"86":{"start":{"line":87,"column":0},"end":{"line":87,"column":0}},"87":{"start":{"line":88,"column":0},"end":{"line":88,"column":10}},"88":{"start":{"line":89,"column":0},"end":{"line":89,"column":33}},"89":{"start":{"line":90,"column":0},"end":{"line":90,"column":44}},"90":{"start":{"line":91,"column":0},"end":{"line":91,"column":73}},"91":{"start":{"line":92,"column":0},"end":{"line":92,"column":13}},"92":{"start":{"line":93,"column":0},"end":{"line":93,"column":67}},"93":{"start":{"line":94,"column":0},"end":{"line":94,"column":51}},"94":{"start":{"line":95,"column":0},"end":{"line":95,"column":13}},"95":{"start":{"line":96,"column":0},"end":{"line":96,"column":79}},"96":{"start":{"line":97,"column":0},"end":{"line":97,"column":14}},"97":{"start":{"line":98,"column":0},"end":{"line":98,"column":14}},"98":{"start":{"line":99,"column":0},"end":{"line":99,"column":38}},"99":{"start":{"line":100,"column":0},"end":{"line":100,"column":19}},"100":{"start":{"line":101,"column":0},"end":{"line":101,"column":46}},"101":{"start":{"line":102,"column":0},"end":{"line":102,"column":44}},"102":{"start":{"line":103,"column":0},"end":{"line":103,"column":20}},"103":{"start":{"line":104,"column":0},"end":{"line":104,"column":19}},"104":{"start":{"line":105,"column":0},"end":{"line":105,"column":30}},"105":{"start":{"line":106,"column":0},"end":{"line":106,"column":45}},"106":{"start":{"line":107,"column":0},"end":{"line":107,"column":20}},"107":{"start":{"line":108,"column":0},"end":{"line":108,"column":14}},"108":{"start":{"line":109,"column":0},"end":{"line":109,"column":16}},"109":{"start":{"line":110,"column":0},"end":{"line":110,"column":0}},"110":{"start":{"line":111,"column":0},"end":{"line":111,"column":37}},"111":{"start":{"line":112,"column":0},"end":{"line":112,"column":62}},"112":{"start":{"line":113,"column":0},"end":{"line":113,"column":110}},"113":{"start":{"line":114,"column":0},"end":{"line":114,"column":26}},"114":{"start":{"line":115,"column":0},"end":{"line":115,"column":19}},"115":{"start":{"line":116,"column":0},"end":{"line":116,"column":116}},"116":{"start":{"line":117,"column":0},"end":{"line":117,"column":23}},"117":{"start":{"line":118,"column":0},"end":{"line":118,"column":19}},"118":{"start":{"line":119,"column":0},"end":{"line":119,"column":14}},"119":{"start":{"line":120,"column":0},"end":{"line":120,"column":0}},"120":{"start":{"line":121,"column":0},"end":{"line":121,"column":29}},"121":{"start":{"line":122,"column":0},"end":{"line":122,"column":68}},"122":{"start":{"line":123,"column":0},"end":{"line":123,"column":17}},"123":{"start":{"line":124,"column":0},"end":{"line":124,"column":60}},"124":{"start":{"line":125,"column":0},"end":{"line":125,"column":37}},"125":{"start":{"line":126,"column":0},"end":{"line":126,"column":18}},"126":{"start":{"line":127,"column":0},"end":{"line":127,"column":42}},"127":{"start":{"line":128,"column":0},"end":{"line":128,"column":47}},"128":{"start":{"line":129,"column":0},"end":{"line":129,"column":20}},"129":{"start":{"line":130,"column":0},"end":{"line":130,"column":28}},"130":{"start":{"line":131,"column":0},"end":{"line":131,"column":41}},"131":{"start":{"line":132,"column":0},"end":{"line":132,"column":99}},"132":{"start":{"line":133,"column":0},"end":{"line":133,"column":48}},"133":{"start":{"line":134,"column":0},"end":{"line":134,"column":24}},"134":{"start":{"line":135,"column":0},"end":{"line":135,"column":16}},"135":{"start":{"line":136,"column":0},"end":{"line":136,"column":20}},"136":{"start":{"line":137,"column":0},"end":{"line":137,"column":42}},"137":{"start":{"line":138,"column":0},"end":{"line":138,"column":37}},"138":{"start":{"line":139,"column":0},"end":{"line":139,"column":20}},"139":{"start":{"line":140,"column":0},"end":{"line":140,"column":31}},"140":{"start":{"line":141,"column":0},"end":{"line":141,"column":44}},"141":{"start":{"line":142,"column":0},"end":{"line":142,"column":102}},"142":{"start":{"line":143,"column":0},"end":{"line":143,"column":51}},"143":{"start":{"line":144,"column":0},"end":{"line":144,"column":24}},"144":{"start":{"line":145,"column":0},"end":{"line":145,"column":16}},"145":{"start":{"line":146,"column":0},"end":{"line":146,"column":20}},"146":{"start":{"line":147,"column":0},"end":{"line":147,"column":53}},"147":{"start":{"line":148,"column":0},"end":{"line":148,"column":118}},"148":{"start":{"line":149,"column":0},"end":{"line":149,"column":14}},"149":{"start":{"line":150,"column":0},"end":{"line":150,"column":83}},"150":{"start":{"line":151,"column":0},"end":{"line":151,"column":17}},"151":{"start":{"line":152,"column":0},"end":{"line":152,"column":13}},"152":{"start":{"line":153,"column":0},"end":{"line":153,"column":71}},"153":{"start":{"line":154,"column":0},"end":{"line":154,"column":17}},"154":{"start":{"line":155,"column":0},"end":{"line":155,"column":59}},"155":{"start":{"line":156,"column":0},"end":{"line":156,"column":35}},"156":{"start":{"line":157,"column":0},"end":{"line":157,"column":18}},"157":{"start":{"line":158,"column":0},"end":{"line":158,"column":42}},"158":{"start":{"line":159,"column":0},"end":{"line":159,"column":42}},"159":{"start":{"line":160,"column":0},"end":{"line":160,"column":20}},"160":{"start":{"line":161,"column":0},"end":{"line":161,"column":41}},"161":{"start":{"line":162,"column":0},"end":{"line":162,"column":100}},"162":{"start":{"line":163,"column":0},"end":{"line":163,"column":50}},"163":{"start":{"line":164,"column":0},"end":{"line":164,"column":24}},"164":{"start":{"line":165,"column":0},"end":{"line":165,"column":16}},"165":{"start":{"line":166,"column":0},"end":{"line":166,"column":20}},"166":{"start":{"line":167,"column":0},"end":{"line":167,"column":42}},"167":{"start":{"line":168,"column":0},"end":{"line":168,"column":47}},"168":{"start":{"line":169,"column":0},"end":{"line":169,"column":20}},"169":{"start":{"line":170,"column":0},"end":{"line":170,"column":28}},"170":{"start":{"line":171,"column":0},"end":{"line":171,"column":42}},"171":{"start":{"line":172,"column":0},"end":{"line":172,"column":101}},"172":{"start":{"line":173,"column":0},"end":{"line":173,"column":48}},"173":{"start":{"line":174,"column":0},"end":{"line":174,"column":24}},"174":{"start":{"line":175,"column":0},"end":{"line":175,"column":16}},"175":{"start":{"line":176,"column":0},"end":{"line":176,"column":20}},"176":{"start":{"line":177,"column":0},"end":{"line":177,"column":44}},"177":{"start":{"line":178,"column":0},"end":{"line":178,"column":44}},"178":{"start":{"line":179,"column":0},"end":{"line":179,"column":39}},"179":{"start":{"line":180,"column":0},"end":{"line":180,"column":22}},"180":{"start":{"line":181,"column":0},"end":{"line":181,"column":33}},"181":{"start":{"line":182,"column":0},"end":{"line":182,"column":47}},"182":{"start":{"line":183,"column":0},"end":{"line":183,"column":106}},"183":{"start":{"line":184,"column":0},"end":{"line":184,"column":26}},"184":{"start":{"line":185,"column":0},"end":{"line":185,"column":18}},"185":{"start":{"line":186,"column":0},"end":{"line":186,"column":22}},"186":{"start":{"line":187,"column":0},"end":{"line":187,"column":44}},"187":{"start":{"line":188,"column":0},"end":{"line":188,"column":38}},"188":{"start":{"line":189,"column":0},"end":{"line":189,"column":22}},"189":{"start":{"line":190,"column":0},"end":{"line":190,"column":33}},"190":{"start":{"line":191,"column":0},"end":{"line":191,"column":54}},"191":{"start":{"line":192,"column":0},"end":{"line":192,"column":113}},"192":{"start":{"line":193,"column":0},"end":{"line":193,"column":26}},"193":{"start":{"line":194,"column":0},"end":{"line":194,"column":18}},"194":{"start":{"line":195,"column":0},"end":{"line":195,"column":22}},"195":{"start":{"line":196,"column":0},"end":{"line":196,"column":18}},"196":{"start":{"line":197,"column":0},"end":{"line":197,"column":67}},"197":{"start":{"line":198,"column":0},"end":{"line":198,"column":84}},"198":{"start":{"line":199,"column":0},"end":{"line":199,"column":17}},"199":{"start":{"line":200,"column":0},"end":{"line":200,"column":10}},"200":{"start":{"line":201,"column":0},"end":{"line":201,"column":16}},"201":{"start":{"line":202,"column":0},"end":{"line":202,"column":11}},"202":{"start":{"line":203,"column":0},"end":{"line":203,"column":4}},"203":{"start":{"line":204,"column":0},"end":{"line":204,"column":1}},"204":{"start":{"line":205,"column":0},"end":{"line":205,"column":0}},"205":{"start":{"line":206,"column":0},"end":{"line":206,"column":21}}},"s":{"0":1,"1":1,"2":1,"3":1,"4":1,"5":1,"6":1,"7":44,"8":44,"9":44,"10":44,"11":44,"12":44,"13":44,"14":44,"15":44,"16":44,"17":44,"18":44,"19":44,"20":44,"21":44,"22":44,"23":44,"24":4,"25":4,"26":4,"27":4,"28":4,"29":4,"30":4,"31":1,"32":1,"33":1,"34":3,"35":3,"36":3,"37":3,"38":3,"39":3,"40":2,"41":2,"42":2,"43":1,"44":1,"45":4,"46":44,"47":44,"48":6,"49":6,"50":6,"51":6,"52":6,"53":6,"54":6,"55":6,"56":1,"57":1,"58":1,"59":5,"60":6,"61":1,"62":1,"63":1,"64":4,"65":6,"66":1,"67":1,"68":1,"69":3,"70":6,"71":1,"72":1,"73":1,"74":2,"75":2,"76":2,"77":1,"78":1,"79":1,"80":1,"81":1,"82":1,"83":1,"84":1,"85":6,"86":44,"87":44,"88":44,"89":44,"90":44,"91":44,"92":44,"93":44,"94":44,"95":44,"96":44,"97":44,"98":44,"99":44,"100":44,"101":44,"102":44,"103":44,"104":44,"105":44,"106":44,"107":44,"108":44,"109":44,"110":44,"111":44,"112":44,"113":44,"114":44,"115":44,"116":44,"117":44,"118":44,"119":44,"120":44,"121":19,"122":19,"123":19,"124":19,"125":19,"126":19,"127":19,"128":19,"129":19,"130":19,"131":19,"132":19,"133":19,"134":19,"135":19,"136":19,"137":19,"138":19,"139":19,"140":19,"141":19,"142":19,"143":19,"144":19,"145":19,"146":19,"147":5,"148":19,"149":19,"150":19,"151":25,"152":25,"153":25,"154":25,"155":25,"156":25,"157":25,"158":25,"159":25,"160":25,"161":25,"162":25,"163":25,"164":25,"165":25,"166":25,"167":25,"168":25,"169":25,"170":25,"171":25,"172":25,"173":25,"174":25,"175":25,"176":25,"177":25,"178":25,"179":25,"180":25,"181":25,"182":25,"183":25,"184":25,"185":25,"186":25,"187":25,"188":25,"189":25,"190":25,"191":25,"192":25,"193":25,"194":25,"195":25,"196":25,"197":25,"198":25,"199":44,"200":44,"201":44,"202":44,"203":44,"204":1,"205":1},"branchMap":{"0":{"type":"branch","line":8,"loc":{"start":{"line":8,"column":0},"end":{"line":204,"column":1}},"locations":[{"start":{"line":8,"column":0},"end":{"line":204,"column":1}}]},"1":{"type":"branch","line":113,"loc":{"start":{"line":113,"column":38},"end":{"line":113,"column":59}},"locations":[{"start":{"line":113,"column":38},"end":{"line":113,"column":59}}]},"2":{"type":"branch","line":113,"loc":{"start":{"line":113,"column":48},"end":{"line":113,"column":63}},"locations":[{"start":{"line":113,"column":48},"end":{"line":113,"column":63}}]},"3":{"type":"branch","line":116,"loc":{"start":{"line":116,"column":38},"end":{"line":116,"column":62}},"locations":[{"start":{"line":116,"column":38},"end":{"line":116,"column":62}}]},"4":{"type":"branch","line":116,"loc":{"start":{"line":116,"column":51},"end":{"line":116,"column":66}},"locations":[{"start":{"line":116,"column":51},"end":{"line":116,"column":66}}]},"5":{"type":"branch","line":121,"loc":{"start":{"line":121,"column":18},"end":{"line":151,"column":17}},"locations":[{"start":{"line":121,"column":18},"end":{"line":151,"column":17}}]},"6":{"type":"branch","line":147,"loc":{"start":{"line":147,"column":14},"end":{"line":147,"column":40}},"locations":[{"start":{"line":147,"column":14},"end":{"line":147,"column":40}}]},"7":{"type":"branch","line":147,"loc":{"start":{"line":147,"column":23},"end":{"line":147,"column":53}},"locations":[{"start":{"line":147,"column":23},"end":{"line":147,"column":53}}]},"8":{"type":"branch","line":147,"loc":{"start":{"line":147,"column":40},"end":{"line":148,"column":118}},"locations":[{"start":{"line":147,"column":40},"end":{"line":148,"column":118}}]},"9":{"type":"branch","line":148,"loc":{"start":{"line":148,"column":30},"end":{"line":148,"column":60}},"locations":[{"start":{"line":148,"column":30},"end":{"line":148,"column":60}}]},"10":{"type":"branch","line":148,"loc":{"start":{"line":148,"column":40},"end":{"line":148,"column":78}},"locations":[{"start":{"line":148,"column":40},"end":{"line":148,"column":78}}]},"11":{"type":"branch","line":148,"loc":{"start":{"line":148,"column":78},"end":{"line":148,"column":98}},"locations":[{"start":{"line":148,"column":78},"end":{"line":148,"column":98}}]},"12":{"type":"branch","line":148,"loc":{"start":{"line":148,"column":89},"end":{"line":148,"column":112}},"locations":[{"start":{"line":148,"column":89},"end":{"line":148,"column":112}}]},"13":{"type":"branch","line":151,"loc":{"start":{"line":151,"column":10},"end":{"line":199,"column":17}},"locations":[{"start":{"line":151,"column":10},"end":{"line":199,"column":17}}]},"14":{"type":"branch","line":197,"loc":{"start":{"line":197,"column":13},"end":{"line":197,"column":67}},"locations":[{"start":{"line":197,"column":13},"end":{"line":197,"column":67}}]},"15":{"type":"branch","line":24,"loc":{"start":{"line":24,"column":28},"end":{"line":46,"column":4}},"locations":[{"start":{"line":24,"column":28},"end":{"line":46,"column":4}}]},"16":{"type":"branch","line":31,"loc":{"start":{"line":31,"column":39},"end":{"line":34,"column":5}},"locations":[{"start":{"line":31,"column":39},"end":{"line":34,"column":5}}]},"17":{"type":"branch","line":34,"loc":{"start":{"line":34,"column":4},"end":{"line":40,"column":9}},"locations":[{"start":{"line":34,"column":4},"end":{"line":40,"column":9}}]},"18":{"type":"branch","line":40,"loc":{"start":{"line":40,"column":7},"end":{"line":45,"column":5}},"locations":[{"start":{"line":40,"column":7},"end":{"line":45,"column":5}}]},"19":{"type":"branch","line":43,"loc":{"start":{"line":43,"column":4},"end":{"line":45,"column":5}},"locations":[{"start":{"line":43,"column":4},"end":{"line":45,"column":5}}]},"20":{"type":"branch","line":48,"loc":{"start":{"line":48,"column":31},"end":{"line":86,"column":4}},"locations":[{"start":{"line":48,"column":31},"end":{"line":86,"column":4}}]},"21":{"type":"branch","line":56,"loc":{"start":{"line":56,"column":15},"end":{"line":59,"column":5}},"locations":[{"start":{"line":56,"column":15},"end":{"line":59,"column":5}}]},"22":{"type":"branch","line":59,"loc":{"start":{"line":59,"column":4},"end":{"line":61,"column":39}},"locations":[{"start":{"line":59,"column":4},"end":{"line":61,"column":39}}]},"23":{"type":"branch","line":61,"loc":{"start":{"line":61,"column":39},"end":{"line":64,"column":5}},"locations":[{"start":{"line":61,"column":39},"end":{"line":64,"column":5}}]},"24":{"type":"branch","line":64,"loc":{"start":{"line":64,"column":4},"end":{"line":66,"column":42}},"locations":[{"start":{"line":64,"column":4},"end":{"line":66,"column":42}}]},"25":{"type":"branch","line":66,"loc":{"start":{"line":66,"column":42},"end":{"line":69,"column":5}},"locations":[{"start":{"line":66,"column":42},"end":{"line":69,"column":5}}]},"26":{"type":"branch","line":69,"loc":{"start":{"line":69,"column":4},"end":{"line":71,"column":64}},"locations":[{"start":{"line":69,"column":4},"end":{"line":71,"column":64}}]},"27":{"type":"branch","line":71,"loc":{"start":{"line":71,"column":64},"end":{"line":74,"column":5}},"locations":[{"start":{"line":71,"column":64},"end":{"line":74,"column":5}}]},"28":{"type":"branch","line":74,"loc":{"start":{"line":74,"column":4},"end":{"line":77,"column":90}},"locations":[{"start":{"line":74,"column":4},"end":{"line":77,"column":90}}]},"29":{"type":"branch","line":77,"loc":{"start":{"line":77,"column":88},"end":{"line":85,"column":5}},"locations":[{"start":{"line":77,"column":88},"end":{"line":85,"column":5}}]},"30":{"type":"branch","line":116,"loc":{"start":{"line":116,"column":89},"end":{"line":116,"column":116}},"locations":[{"start":{"line":116,"column":89},"end":{"line":116,"column":116}}]},"31":{"type":"branch","line":132,"loc":{"start":{"line":132,"column":26},"end":{"line":132,"column":99}},"locations":[{"start":{"line":132,"column":26},"end":{"line":132,"column":99}}]},"32":{"type":"branch","line":142,"loc":{"start":{"line":142,"column":26},"end":{"line":142,"column":102}},"l
[...]
,"C:\\Users\\anton\\Downloads\\rednorte-proyecto\\rednorte-proyecto\\frontend\\src\\hooks\\usePatientApi.jsx": {"path":"C:\\Users\\anton\\Downloads\\rednorte-proyecto\\rednorte-proyecto\\frontend\\src\\hooks\\usePatientApi.jsx","all":false,"statementMap":{"0":{"start":{"line":1,"column":0},"end":{"line":1,"column":78}},"1":{"start":{"line":2,"column":0},"end":{"line":2,"column":81}},"2":{"start":{"line":3,"column":0},"end":{"line":3,"column":35}},"3":{"start":{"line":4,"column":0},"end":{"line":4,"column":0}},"4":{"start":{"line":5,"column":0},"end":{"line":5,"column":37}},"5":{"start":{"line":6,"column":0},"end":{"line":6,"column":14}},"6":{"start":{"line":7,"column":0},"end":{"line":7,"column":43}},"7":{"start":{"line":8,"column":0},"end":{"line":8,"column":10}},"8":{"start":{"line":9,"column":0},"end":{"line":9,"column":39}},"9":{"start":{"line":10,"column":0},"end":{"line":10,"column":3}},"10":{"start":{"line":11,"column":0},"end":{"line":11,"column":1}},"11":{"start":{"line":12,"column":0},"end":{"line":12,"column":0}},"12":{"start":{"line":13,"column":0},"end":{"line":13,"column":41}},"13":{"start":{"line":14,"column":0},"end":{"line":14,"column":48}},"14":{"start":{"line":15,"column":0},"end":{"line":15,"column":10}},"15":{"start":{"line":16,"column":0},"end":{"line":16,"column":20}},"16":{"start":{"line":17,"column":0},"end":{"line":17,"column":58}},"17":{"start":{"line":18,"column":0},"end":{"line":18,"column":4}},"18":{"start":{"line":19,"column":0},"end":{"line":19,"column":1}},"19":{"start":{"line":20,"column":0},"end":{"line":20,"column":0}},"20":{"start":{"line":21,"column":0},"end":{"line":21,"column":47}},"21":{"start":{"line":22,"column":0},"end":{"line":22,"column":37}},"22":{"start":{"line":23,"column":0},"end":{"line":23,"column":15}},"23":{"start":{"line":24,"column":0},"end":{"line":24,"column":41}},"24":{"start":{"line":25,"column":0},"end":{"line":25,"column":5}},"25":{"start":{"line":26,"column":0},"end":{"line":26,"column":0}},"26":{"start":{"line":27,"column":0},"end":{"line":27,"column":21}},"27":{"start":{"line":28,"column":0},"end":{"line":28,"column":53}},"28":{"start":{"line":29,"column":0},"end":{"line":29,"column":3}},"29":{"start":{"line":30,"column":0},"end":{"line":30,"column":0}},"30":{"start":{"line":31,"column":0},"end":{"line":31,"column":25}},"31":{"start":{"line":32,"column":0},"end":{"line":32,"column":1}},"32":{"start":{"line":33,"column":0},"end":{"line":33,"column":0}},"33":{"start":{"line":34,"column":0},"end":{"line":34,"column":48}},"34":{"start":{"line":35,"column":0},"end":{"line":35,"column":54}},"35":{"start":{"line":36,"column":0},"end":{"line":36,"column":19}},"36":{"start":{"line":37,"column":0},"end":{"line":37,"column":14}},"37":{"start":{"line":38,"column":0},"end":{"line":38,"column":40}},"38":{"start":{"line":39,"column":0},"end":{"line":39,"column":6}},"39":{"start":{"line":40,"column":0},"end":{"line":40,"column":37}},"40":{"start":{"line":41,"column":0},"end":{"line":41,"column":5}},"41":{"start":{"line":42,"column":0},"end":{"line":42,"column":0}},"42":{"start":{"line":43,"column":0},"end":{"line":43,"column":21}},"43":{"start":{"line":44,"column":0},"end":{"line":44,"column":46}},"44":{"start":{"line":45,"column":0},"end":{"line":45,"column":3}},"45":{"start":{"line":46,"column":0},"end":{"line":46,"column":0}},"46":{"start":{"line":47,"column":0},"end":{"line":47,"column":25}},"47":{"start":{"line":48,"column":0},"end":{"line":48,"column":1}},"48":{"start":{"line":49,"column":0},"end":{"line":49,"column":0}},"49":{"start":{"line":50,"column":0},"end":{"line":50,"column":51}},"50":{"start":{"line":51,"column":0},"end":{"line":51,"column":57}},"51":{"start":{"line":52,"column":0},"end":{"line":52,"column":19}},"52":{"start":{"line":53,"column":0},"end":{"line":53,"column":14}},"53":{"start":{"line":54,"column":0},"end":{"line":54,"column":40}},"54":{"start":{"line":55,"column":0},"end":{"line":55,"column":6}},"55":{"start":{"line":56,"column":0},"end":{"line":56,"column":37}},"56":{"start":{"line":57,"column":0},"end":{"line":57,"column":5}},"57":{"start":{"line":58,"column":0},"end":{"line":58,"column":0}},"58":{"start":{"line":59,"column":0},"end":{"line":59,"column":21}},"59":{"start":{"line":60,"column":0},"end":{"line":60,"column":54}},"60":{"start":{"line":61,"column":0},"end":{"line":61,"column":3}},"61":{"start":{"line":62,"column":0},"end":{"line":62,"column":0}},"62":{"start":{"line":63,"column":0},"end":{"line":63,"column":25}},"63":{"start":{"line":64,"column":0},"end":{"line":64,"column":1}},"64":{"start":{"line":65,"column":0},"end":{"line":65,"column":0}},"65":{"start":{"line":66,"column":0},"end":{"line":66,"column":39}},"66":{"start":{"line":67,"column":0},"end":{"line":67,"column":46}},"67":{"start":{"line":68,"column":0},"end":{"line":68,"column":1}},"68":{"start":{"line":69,"column":0},"end":{"line":69,"column":0}},"69":{"start":{"line":70,"column":0},"end":{"line":70,"column":56}},"70":{"start":{"line":71,"column":0},"end":{"line":71,"column":64}},"71":{"start":{"line":72,"column":0},"end":{"line":72,"column":1}},"72":{"start":{"line":73,"column":0},"end":{"line":73,"column":0}},"73":{"start":{"line":74,"column":0},"end":{"line":74,"column":39}},"74":{"start":{"line":75,"column":0},"end":{"line":75,"column":42}},"75":{"start":{"line":76,"column":0},"end":{"line":76,"column":1}},"76":{"start":{"line":77,"column":0},"end":{"line":77,"column":0}},"77":{"start":{"line":78,"column":0},"end":{"line":78,"column":46}},"78":{"start":{"line":79,"column":0},"end":{"line":79,"column":47}},"79":{"start":{"line":80,"column":0},"end":{"line":80,"column":19}},"80":{"start":{"line":81,"column":0},"end":{"line":81,"column":14}},"81":{"start":{"line":82,"column":0},"end":{"line":82,"column":40}},"82":{"start":{"line":83,"column":0},"end":{"line":83,"column":6}},"83":{"start":{"line":84,"column":0},"end":{"line":84,"column":33}},"84":{"start":{"line":85,"column":0},"end":{"line":85,"column":5}},"85":{"start":{"line":86,"column":0},"end":{"line":86,"column":1}},"86":{"start":{"line":87,"column":0},"end":{"line":87,"column":0}},"87":{"start":{"line":88,"column":0},"end":{"line":88,"column":40}},"88":{"start":{"line":89,"column":0},"end":{"line":89,"column":43}},"89":{"start":{"line":90,"column":0},"end":{"line":90,"column":19}},"90":{"start":{"line":91,"column":0},"end":{"line":91,"column":14}},"91":{"start":{"line":92,"column":0},"end":{"line":92,"column":40}},"92":{"start":{"line":93,"column":0},"end":{"line":93,"column":6}},"93":{"start":{"line":94,"column":0},"end":{"line":94,"column":30}},"94":{"start":{"line":95,"column":0},"end":{"line":95,"column":5}},"95":{"start":{"line":96,"column":0},"end":{"line":96,"column":1}},"96":{"start":{"line":97,"column":0},"end":{"line":97,"column":0}},"97":{"start":{"line":98,"column":0},"end":{"line":98,"column":42}},"98":{"start":{"line":99,"column":0},"end":{"line":99,"column":49}},"99":{"start":{"line":100,"column":0},"end":{"line":100,"column":1}},"100":{"start":{"line":101,"column":0},"end":{"line":101,"column":0}},"101":{"start":{"line":102,"column":0},"end":{"line":102,"column":51}},"102":{"start":{"line":103,"column":0},"end":{"line":103,"column":60}},"103":{"start":{"line":104,"column":0},"end":{"line":104,"column":1}},"104":{"start":{"line":105,"column":0},"end":{"line":105,"column":0}},"105":{"start":{"line":106,"column":0},"end":{"line":106,"column":51}},"106":{"start":{"line":107,"column":0},"end":{"line":107,"column":50}},"107":{"start":{"line":108,"column":0},"end":{"line":108,"column":19}},"108":{"start":{"line":109,"column":0},"end":{"line":109,"column":14}},"109":{"start":{"line":110,"column":0},"end":{"line":110,"column":40}},"110":{"start":{"line":111,"column":0},"end":{"line":111,"column":6}},"111":{"start":{"line":112,"column":0},"end":{"line":112,"column":34}},"112":{"start":{"line":113,"column":0},"end":{"line":113,"column":5}},"113":{"start":{"line":114,"column":0},"end":{"line":114,"column":1}},"114":{"start":{"line":115,"column":0},"end":{"line":115,"column":0}},"115":{"start":{"line":116,"column":0},"end":{"line":116,"column":59}},"116":{"start":{"line":117,"column":0},"end":{"line":117,"column":66}},"117":{"start":{"line":118,"column":0},"end":{"line":118,"column":17}},"118":{"start":{"line":119,"column":0},"end":{"line":119,"column":5}},"119":{"start":{"line":120,"column":0},"end":{"line":120,"column":1}},"120":{"start":{"line":121,"column":0},"end":{"line":121,"column":0}},"121":{"start":{"line":122,"column":0},"end":{"line":122,"column":44}},"122":{"start":{"line":123,"column":0},"end":{"line":123,"column":51}},"123":{"start":{"line":124,"column":0},"end":{"line":124,"column":1}},"124":{"start":{"line":125,"column":0},"end":{"line":125,"column":0}},"125":{"start":{"line":126,"column":0},"end":{"line":126,"column":57}},"126":{"start":{"line":127,"column":0},"end":{"line":127,"column":52}},"127":{"start":{"line":128,"column":0},"end":{"line":128,"column":19}},"128":{"start":{"line":129,"column":0},"end":{"line":129,"column":14}},"129":{"start":{"line":130,"column":0},"end":{"line":130,"column":40}},"130":{"start":{"line":131,"column":0},"end":{"line":131,"column":6}},"131":{"start":{"line":132,"column":0},"end":{"line":132,"column":38}},"132":{"start":{"line":133,"column":0},"end":{"line":133,"column":5}},"133":{"start":{"line":134,"column":0},"end":{"line":134,"column":1}},"134":{"start":{"line":135,"column":0},"end":{"line":135,"column":0}},"135":{"start":{"line":136,"column":0},"end":{"line":136,"column":42}},"136":{"start":{"line":137,"column":0},"end":{"line":137,"column":46}},"137":{"start":{"line":138,"column":0},"end":{"line":138,"column":1}},"138":{"start":{"line":139,"column":0},"end":{"line":139,"column":0}},"139":{"start":{"line":140,"column":0},"end":{"line":140,"column":62}},"140":{"start":{"line":141,"column":0},"end":{"line":141,"column":74}},"141":{"start":{"line":142,"column":0},"end":{"line":142,"column":1}},"142":{"start":{"line":143,"column":0},"end":{"line":143,"column":0}},"143":{"start":{"line":144,"column":0},"end":{"line":144,"column":50}},"144":{"start":{"line":145,"column":0},"end":{"line":145,"column":63}},"145":{"start":{"line":146,"column":0},"end":{"line":146,"column":17}},"146":{"start":{"line":147,"column":0},"end":{"line":147,"column":5}},"147":{"start":{"line":148,"column":0},"end":{"line":148,"column":1}}},"s":{"0":1,"1":1,"2":1,"3":1,"4":1,"5":2,"6":2,"7":2,"8":0,"9":0,"10":2,"11":1,"12":15,"13":15,"14":15,"15":15,"16":15,"17":15,"18":15,"19":1,"20":15,"21":15,"22":15,"23":15,"24":15,"25":15,"26":15,"27":1,"28":1,"29":14,"30":14,"31":14,"32":1,"33":2,"34":2,"35":2,"36":2,"37":2,"38":2,"39":2,"40":2,"41":2,"42":2,"43":1,"44":1,"45":1,"46":1,"47":1,"48":1,"49":1,"50":1,"51":1,"52":1,"53":1,"54":1,"55":1,"56":1,"57":1,"58":1,"59":0,"60":0,"61":1,"62":1,"63":1,"64":1,"65":2,"66":2,"67":2,"68":1,"69":1,"70":1,"71":1,"72":1,"73":1,"74":1,"75":1,"76":1,"77":1,"78":1,"79":1,"80":1,"81":1,"82":1,"83":1,"84":1,"85":1,"86":1,"87":1,"88":1,"89":1,"90":1,"91":1,"92":1,"93":1,"94":1,"95":1,"96":1,"97":1,"98":1,"99":1,"100":1,"101":1,"102":1,"103":1,"104":1,"105":1,"106":1,"107":1,"108":1,"109":1,"110":1,"111":1,"112":1,"113":1,"114":1,"115":1,"116":1,"117":1,"118":1,"119":1,"120":1,"121":1,"122":1,"123":1,"124":1,"125":1,"126":1,"127":1,"128":1,"129":1,"130":1,"131":1,"132":1,"133":1,"134":1,"135":1,"136":1,"137":1,"138":1,"139":1,"140":1,"141":1,"142":1,"143":1,"144":1,"145":1,"146":1,"147":1},"branchMap":{"0":{"type":"branch","line":5,"loc":{"start":{"line":5,"column":7},"end":{"line":11,"column":1}},"locations":[{"start":{"line":5,"column":7},"end":{"line":11,"column":1}}]},"1":{"type":"branch","line":8,"loc":{"start":{"line":8,"column":2},"end":{"line":10,"column":3}},"locations":[{"start":{"line":8,"column":2},"end":{"line":10,"column":3}}]},"2":{"type":"branch","line":13,"loc":{"start":{"line":13,"column":0},"end":{"line":19,"column":1}},"locations":[{"start":{"line":13,"column":0},"end":{"line":19,"column":1}}]},"3":{"type":"branch","line":17,"loc":{"start":{"line":17,"column":8},"end":{"line":17,"column":55}},"locations":[{"start":{"line":17,"column":8},"end":{"line":17,"column":55}}]},"4":{"type":"branch","line":17,"loc":{"start":{"line":17,"column":51},"end":{"line":17,"column":58}},"locations":[{"start":{"line":17,"column":51},"end":{"line":17,"column":58}}]},"5":{"type":"branch","line":21,"loc":{"start":{"line":21,"column":0},"end":{"line":32,"column":1}},"locations":[{"start":{"line":21,"column":0},"end":{"line":32,"column":1}}]},"6":{"type":"branch","line":27,"loc":{"start":{"line":27,"column":20},"end":{"line":29,"column":3}},"locations":[{"start":{"line":27,"column":20},"end":{"line":29,"column":3}}]},"7":{"type":"branch","line":29,"loc":{"start":{"line":29,"column":2},"end":{"line":32,"column":1}},"locations":[{"start":{"line":29,"column":2},"end":{"line":32,"column":1}}]},"8":{"type":"branch","line":34,"loc":{"start":{"line":34,"column":0},"end":{"line":48,"column":1}},"locations":[{"start":{"line":34,"column":0},"end":{"line":48,"column":1}}]},"9":{"type":"branch","line":43,"loc":{"start":{"line":43,"column":20},"end":{"line":48,"column":1}},"locations":[{"start":{"line":43,"column":20},"end":{"line":48,"column":1}}]},"10":{"type":"branch","line":50,"loc":{"start":{"line":50,"column":0},"end":{"line":64,"column":1}},"locations":[{"start":{"line":50,"column":0},"end":{"line":64,"column":1}}]},"11":{"type":"branch","line":59,"loc":{"start":{"line":59,"column":20},"end":{"line":61,"column":3}},"locations":[{"start":{"line":59,"column":20},"end":{"line":61,"column":3}}]},"12":{"type":"branch","line":66,"loc":{"start":{"line":66,"column":0},"end":{"line":68,"column":1}},"locations":[{"start":{"line":66,"column":0},"end":{"line":68,"column":1}}]},"13":{"type":"branch","line":70,"loc":{"start":{"line":70,"column":0},"end":{"line":72,"column":1}},"locations":[{"start":{"line":70,"column":0},"end":{"line":72,"column":1}}]},"14":{"type":"branch","line":74,"loc":{"start":{"line":74,"column":0},"end":{"line":76,"column":1}},"locations":[{"start":{"line":74,"column":0},"end":{"line":76,"column":1}}]},"15":{"type":"branch","line":78,"loc":{"start":{"line":78,"column":0},"end":{"line":86,"column":1}},"locations":[{"start":{"line":78,"column":0},"end":{"line":86,"column":1}}]},"16":{"type":"branch","line":88,"loc":{"start":{"line":88,"column":0},"end":{"line":96,"column":1}},"locations":[{"start":{"line":88,"column":0},"end":{"line":96,"column":1}}]},"17":{"type":"branch","line":98,"loc":{"start":{"line":98,"column":0},"end":{"line":100,"column":1}},"locations":[{"start":{"line":98,"column":0},"end":{"line":100,"column":1}}]},"18":{"type":"branch","line":102,"loc":{"start":{"line":102,"column":0},"end":{"line":104,"column":1}},"locations":[{"start":{"line":102,"column":0},"end":{"line":104,"column":1}}]},"19":{"type":"branch","line":106,"loc":{"start":{"line":106,"column":0},"end":{"line":114,"column":1}},"locations":[{"start":{"line":106,"column":0},"end":{"line":114,"column":1}}]},"20":{"type":"branch","line":116,"loc":{"start":{"line":116,"column":0},"end":{"line":120,"column":1}},"locations":[{"start":{"line":116,"column":0},"end":{"line":120,"column":1}}]},"21":{"type":"branch","line":122,"loc":{"start":{"line":122,"column":0},"end":{"line":124,"column":1}},"locations":[{"start":{"line":122,"column":0},"end":{"line":124,"column":1}}]},"22":{"type":"branch","line":126,"loc":{"start":{"line":126,"column":0},"end":{"line":134,"column":1}},"locations":[{"start":{"line":126,"column":0},"end":{"line":134,"column":1}}]},"23":{"type":"branch","line":136,"loc":{"start":{"line":136,"column":0},"end":{"line":138,"column":1}},"locations":[{"start":{"line":136,"column":0},"end":{"line":138,"column":1}}]},"24":{"type":"branch","line":140,"loc":{"start":{"line":140,"column":0},"end":{"line":142,"column":1}},"locations":[{"start":{"line":140,"column":0},"end":{"line":142,"column":1}}]},"25":{"type":"branch","line":144,"loc":{"start":{"line":144,"column":0},"end":{"line":148,"column":1}},"locations":[{"start":{"line":144,"column":0},"end":{"line":148,"column":1}}]}},"b":{"0":[2],"1":[0],"2":[15],"3":[14],"4":[1],"5":[15],"6":[1],"7":[14],"8":[2],"9":[1],"10":[1],"11":[0],"12":[2],"13":[1],"14":[1],"15":[1],"16":[1],"17":[1],"18":[1],"19":[1],"20":[1],"21":[1],"22":[1],"23":[1],"24":[1],"25":[1]},"fnMap":{"0":{"name":"setAuthToken","decl":{"start":{"line":5,"column":7},"end":{"line":11,"column":1}},"loc":{"start":{"line":5,"column":7},"end":{"line":11,"column":1}},"line":5},"1":{"name":"authHeaders","decl":{"start":{"line":13,"column":0},"end":{"line":19,"column":1}},"loc":{"start":{"line":13,"column":0},"end":{"line":19,"column":1}},"line":13},"2":{"name":"requestJson","decl":{"start":{"line":21,"column":0},"end":{"line":32,"column":1}},"loc":{"start":{"line":21,"column":0},"end":{"line":32,"column":1}},"line":21},"3":{"name":"loginDoctor","decl":{"start":{"line":34,"column":0},"end":{"line":48,"column":1}},"loc":{"start":{"line":34,"column":0},"end":{"line":48,"column":1}},"line":34},"4":{"name":"registerDoctor","decl":{"start":{"line":50,"column":0},"end":{"line":64,"column":1}},"loc":{"start":{"line":50,"column":0},"end":{"line":64,"column":1}},"line":50},"5":{"name":"fetchPatients","decl":{"start":{"line":66,"column":0},"end":{"line":68,"column":1}},"loc":{"start":{"line":66,"column":0},"end":{"line":68,"column":1}},"line":66},"6":{"name":"fetchPatientWithCitas","decl":{"start":{"line":70,"column":0},"end":{"line":72,"column":1}},"loc":{"start":{"line":70,"column":0},"end":{"line":72,"column":1}},"line":70},"7":{"name":"fetchAllCitas","decl":{"start":{"line":74,"column":0},"end":{"line":76,"column":1}},"loc":{"start":{"line":74,"column":0},"end":{"line":76,"column":1}},"line":74},"8":{"name":"createPatient","decl":{"start":{"line":78,"column":0},"end":{"line":86,"column":1}},"loc":{"start":{"line":78,"column":0},"end":{"line":86,"column":1}},"line":78},"9":{"name":"createCita","decl":{"start":{"line":88,"column":0},"end":{"line":96,"column":1}},"loc":{"start":{"line":88,"column":0},"end":{"line":96,"column":1}},"line":88},"10":{"name":"fetchListaEspera","decl":{"start":{"line":98,"column":0},"end":{"line":100,"column":1}},"loc":{"start":{"line":98,"column":0},"end":{"line":100,"column":1}},"line":98},"11":{"name":"fetchListaEsperaPendiente","decl":{"start":{"line":102,"column":0},"end":{"line":104,"column":1}},"loc":{"start":{"line":102,"column":0},"end":{"line":104,"column":1}},"line":102},"12":{"name":"createListaEspera","decl":{"start":{"line":106,"column":0},"end":{"line":114,"column":1}},"loc":{"start":{"line":106,"column":0},"end":{"line":114,"column":1}},"line":106},"13":{"name":"updateListaEsperaEstado","decl":{"start":{"line":116,"column":0},"end":{"line":120,"column":1}},"loc":{"start":{"line":116,"column":0},"end":{"line":120,"column":1}},"line":116},"14":{"name":"fetchReassignments","decl":{"start":{"line":122,"column":0},"end":{"line":124,"column":1}},"loc":{"start":{"line":122,"column":0},"end":{"line":124,"column":1}},"line":122},"15":{"name":"reassignAppointment","decl":{"start":{"line":126,"column":0},"end":{"line":134,"column":1}},"loc":{"start":{"line":126,"column":0},"end":{"line":134,"column":1}},"line":126},"16":{"name":"fetchAuditEvents","decl":{"start":{"line":136,"column":0},"end":{"line":138,"column":1}},"loc":{"start":{"line":136,"column":0},"end":{"line":138,"column":1}},"line":136},"17":{"name":"fetchNotifications","decl":{"start":{"line":140,"column":0},"end":{"line":142,"column":1}},"loc":{"start":{"line":140,"column":0},"end":{"line":142,"column":1}},"line":140},"18":{"name":"markNotificationAsRead","decl":{"start":{"line":144,"column":0},"end":{"line":148,"column":1}},"loc":{"start":{"line":144,"column":0},"end":{"line":148,"column":1}},"line":144}},"f":{"0":2,"1":15,"2":15,"3":2,"4":1,"5":2,"6":1,"7":1,"8":1,"9":1,"10":1,"11":1,"12":1,"13":1,"14":1,"15":1,"16":1,"17":1,"18":1}}
}
