TN:
SF:src\App.jsx
FN:53,App
FN:79,loadPatients
FN:105,handleLogin
FN:112,handleLogout
FN:119,handleSelectPatient
FN:133,handleCreatePatient
FN:215,onAppointmentCreated
FN:221,onReassigned
FN:241,onChange
FNF:9
FNH:1
FNDA:1,App
FNDA:0,loadPatients
FNDA:0,handleLogin
FNDA:0,handleLogout
FNDA:0,handleSelectPatient
FNDA:0,handleCreatePatient
FNDA:0,onAppointmentCreated
FNDA:0,onReassigned
FNDA:0,onChange
DA:1,1
DA:2,1
DA:3,1
DA:4,1
DA:5,1
DA:6,1
DA:7,1
DA:8,1
DA:9,1
DA:10,1
DA:11,1
DA:12,1
DA:13,1
DA:14,1
DA:15,1
DA:16,1
DA:17,1
DA:18,1
DA:19,1
DA:20,1
DA:21,1
DA:22,1
DA:23,1
DA:24,1
DA:25,1
DA:26,1
DA:27,1
DA:28,1
DA:29,1
DA:30,1
DA:31,1
DA:32,1
DA:33,1
DA:34,1
DA:35,1
DA:36,1
DA:37,1
DA:38,1
DA:39,1
DA:40,1
DA:41,1
DA:42,1
DA:43,1
DA:44,1
DA:45,1
DA:46,1
DA:47,1
DA:48,1
DA:49,1
DA:50,1
DA:51,1
DA:52,1
DA:53,1
DA:54,1
DA:55,1
DA:56,1
DA:57,1
DA:58,1
DA:59,1
DA:60,1
DA:61,1
DA:62,1
DA:63,1
DA:64,1
DA:65,1
DA:66,1
DA:67,1
DA:68,1
DA:69,1
DA:70,1
DA:71,1
DA:72,1
DA:73,1
DA:74,1
DA:75,1
DA:76,1
DA:77,1
DA:78,1
DA:79,1
DA:80,0
DA:81,0
DA:82,0
DA:83,0
DA:84,0
DA:85,0
DA:86,0
DA:87,0
DA:88,0
DA:89,0
DA:90,0
DA:91,1
DA:92,1
DA:93,1
DA:94,1
DA:95,1
DA:96,1
DA:97,1
DA:98,1
DA:99,0
DA:100,0
DA:101,0
DA:102,0
DA:103,1
DA:104,1
DA:105,1
DA:106,0
DA:107,0
DA:108,0
DA:109,0
DA:110,0
DA:111,1
DA:112,1
DA:113,0
DA:114,0
DA:115,0
DA:116,0
DA:117,0
DA:118,1
DA:119,1
DA:120,0
DA:121,0
DA:122,0
DA:123,0
DA:124,0
DA:125,0
DA:126,0
DA:127,0
DA:128,0
DA:129,0
DA:130,0
DA:131,0
DA:132,1
DA:133,1
DA:134,0
DA:135,0
DA:136,0
DA:137,0
DA:138,0
DA:139,0
DA:140,0
DA:141,0
DA:142,0
DA:143,0
DA:144,0
DA:145,0
DA:146,0
DA:147,1
DA:148,1
DA:149,0
DA:150,0
DA:151,1
DA:152,1
DA:153,1
DA:154,1
DA:155,1
DA:156,1
DA:157,1
DA:158,1
DA:159,1
DA:160,1
DA:161,1
DA:162,1
DA:163,0
DA:164,0
DA:165,0
DA:166,0
DA:167,0
DA:168,0
DA:169,0
DA:170,0
DA:171,0
DA:172,0
DA:173,0
DA:174,0
DA:175,0
DA:176,1
DA:177,1
DA:178,1
DA:179,1
DA:180,1
DA:181,1
DA:182,1
DA:183,1
DA:184,1
DA:185,1
DA:186,1
DA:187,1
DA:188,1
DA:189,1
DA:190,1
DA:191,1
DA:192,1
DA:193,1
DA:194,1
DA:195,1
DA:196,1
DA:197,1
DA:198,1
DA:199,1
DA:200,1
DA:201,1
DA:202,1
DA:203,1
DA:204,0
DA:205,0
DA:206,0
DA:207,0
DA:208,0
DA:209,0
DA:210,0
DA:211,0
DA:212,0
DA:213,0
DA:214,0
DA:215,0
DA:216,0
DA:217,0
DA:218,0
DA:219,0
DA:220,0
DA:221,0
DA:222,0
DA:223,0
DA:224,0
DA:225,0
DA:226,0
DA:227,0
DA:228,0
DA:229,0
DA:230,0
DA:231,0
DA:232,0
DA:233,0
DA:234,0
DA:235,0
DA:236,0
DA:237,0
DA:238,0
DA:239,0
DA:240,0
DA:241,0
DA:242,0
DA:243,0
DA:244,0
DA:245,0
DA:246,0
DA:247,0
DA:248,0
DA:249,0
DA:250,0
DA:251,0
DA:252,0
DA:253,0
DA:254,0
DA:255,0
DA:256,0
DA:257,0
DA:258,0
DA:259,0
DA:260,0
DA:261,0
DA:262,0
DA:263,0
DA:264,0
DA:265,0
DA:266,0
DA:267,0
DA:268,0
DA:269,0
DA:270,0
DA:271,0
DA:272,0
DA:273,1
DA:274,1
DA:275,1
DA:276,1
DA:277,1
DA:278,1
DA:279,1
LF:279
LH:145
BRDA:53,0,0,1
BRDA:148,1,0,0
BRDA:151,2,0,0
BRDA:151,3,0,0
BRDA:151,4,0,0
BRDA:203,5,0,0
BRDA:223,6,0,0
BRDA:54,7,0,1
BRDA:56,8,0,0
BRDA:57,9,0,0
BRDA:57,10,0,0
BRDA:70,11,0,1
BRDA:72,12,0,0
BRDA:75,13,0,1
BRDA:92,14,0,1
BRDA:93,15,0,0
BRDA:93,16,0,0
BRDA:96,17,0,1
BRDA:98,18,0,0
BRF:19
BRH:6
end_of_record
TN:
SF:src\components\AppointmentForm.jsx
FN:4,AppointmentForm
FN:27,loadPacientes
FN:36,handleChange
FN:43,handleSubmit
FN:77,getPacienteNombre
FNF:5
FNH:4
FNDA:9,AppointmentForm
FNDA:1,loadPacientes
FNDA:5,handleChange
FNDA:1,handleSubmit
FNDA:0,getPacienteNombre
DA:1,1
DA:2,1
DA:3,1
DA:4,9
DA:5,9
DA:6,9
DA:7,9
DA:8,9
DA:9,9
DA:10,9
DA:11,9
DA:12,9
DA:13,9
DA:14,9
DA:15,9
DA:16,9
DA:17,9
DA:18,9
DA:19,9
DA:20,9
DA:21,9
DA:22,9
DA:23,9
DA:24,1
DA:25,9
DA:26,9
DA:27,9
DA:28,1
DA:29,1
DA:30,1
DA:31,1
DA:32,0
DA:33,0
DA:34,1
DA:35,9
DA:36,9
DA:37,5
DA:38,5
DA:39,5
DA:40,5
DA:41,5
DA:42,9
DA:43,9
DA:44,1
DA:45,1
DA:46,1
DA:47,1
DA:48,1
DA:49,1
DA:50,1
DA:51,1
DA:52,1
DA:53,1
DA:54,1
DA:55,1
DA:56,1
DA:57,1
DA:58,1
DA:59,1
DA:60,1
DA:61,1
DA:62,1
DA:63,1
DA:64,1
DA:65,1
DA:66,1
DA:67,1
DA:68,1
DA:69,1
DA:70,0
DA:71,0
DA:72,0
DA:73,1
DA:74,1
DA:75,1
DA:76,9
DA:77,9
DA:78,0
DA:79,0
DA:80,0
DA:81,9
DA:82,9
DA:83,9
DA:84,9
DA:85,9
DA:86,9
DA:87,9
DA:88,9
DA:89,9
DA:90,9
DA:91,9
DA:92,9
DA:93,9
DA:94,9
DA:95,9
DA:96,8
DA:97,8
DA:98,8
DA:99,9
DA:100,9
DA:101,9
DA:102,9
DA:103,9
DA:104,9
DA:105,9
DA:106,9
DA:107,9
DA:108,9
DA:109,9
DA:110,9
DA:111,9
DA:112,9
DA:113,9
DA:114,54
DA:115,9
DA:116,9
DA:117,9
DA:118,9
DA:119,9
DA:120,9
DA:121,9
DA:122,9
DA:123,9
DA:124,9
DA:125,9
DA:126,9
DA:127,9
DA:128,9
DA:129,9
DA:130,9
DA:131,9
DA:132,9
DA:133,9
DA:134,9
DA:135,9
DA:136,9
DA:137,9
DA:138,9
DA:139,9
DA:140,9
DA:141,9
DA:142,9
DA:143,9
DA:144,9
DA:145,9
DA:146,9
DA:147,9
DA:148,9
DA:149,9
DA:150,9
DA:151,9
DA:152,9
DA:153,9
DA:154,9
DA:155,9
DA:156,9
DA:157,9
DA:158,9
DA:159,9
DA:160,9
DA:161,9
DA:162,9
DA:163,9
DA:164,9
DA:165,9
DA:166,1
DA:167,1
LF:167
LH:159
BRDA:4,0,0,9
BRDA:161,1,0,1
BRDA:161,2,0,8
BRDA:23,3,0,1
BRDA:27,4,0,1
BRDA:30,5,0,0
BRDA:31,6,0,0
BRDA:36,7,0,5
BRDA:43,8,0,1
BRDA:69,9,0,0
BRDA:95,10,0,8
BRDA:113,11,0,54
BRF:12
BRH:9
end_of_record
TN:
SF:src\components\CitasPublic.jsx
FN:5,CitasPublic
FNF:1
FNH:1
FNDA:4,CitasPublic
DA:1,1
DA:2,1
DA:3,1
DA:4,1
DA:5,4
DA:6,4
DA:7,4
DA:8,4
DA:9,4
DA:10,4
DA:11,1
DA:12,1
DA:13,1
DA:14,1
DA:15,1
DA:16,1
DA:17,1
DA:18,1
DA:19,4
DA:20,4
DA:21,4
DA:22,4
DA:23,4
DA:24,4
DA:25,4
DA:26,4
DA:27,4
DA:28,4
DA:29,4
DA:30,4
DA:31,4
DA:32,4
DA:33,2
DA:34,2
DA:35,0
DA:36,2
DA:37,2
DA:38,2
DA:39,2
DA:40,2
DA:41,2
DA:42,2
DA:43,2
DA:44,2
DA:45,2
DA:46,2
DA:47,2
DA:48,0
DA:49,0
DA:50,0
DA:51,0
DA:52,0
DA:53,4
DA:54,4
DA:55,4
DA:56,4
DA:57,1
DA:58,1
LF:58
LH:52
BRDA:5,0,0,4
BRDA:32,1,0,2
BRDA:33,2,0,2
BRDA:34,3,0,0
BRDA:47,4,0,0
BRDA:10,5,0,1
BRDA:13,6,0,1
BRDA:14,7,0,0
BRDA:18,8,0,1
BRDA:38,9,0,2
BRDA:41,10,0,0
BRF:11
BRH:7
end_of_record
TN:
SF:src\components\Login.jsx
FN:8,Login
FN:24,handleLoginSubmit
FN:48,handleRegisterSubmit
FN:113,onClick
FN:116,onClick
FN:132,onChange
FN:142,onChange
FN:162,onChange
FN:172,onChange
FN:183,onChange
FN:192,onChange
FNF:11
FNH:1
FNDA:1,Login
FNDA:0,handleLoginSubmit
FNDA:0,handleRegisterSubmit
FNDA:0,onClick
FNDA:0,onClick
FNDA:0,onChange
FNDA:0,onChange
FNDA:0,onChange
FNDA:0,onChange
FNDA:0,onChange
FNDA:0,onChange
DA:1,1
DA:2,1
DA:3,1
DA:4,1
DA:5,1
DA:6,1
DA:7,1
DA:8,1
DA:9,1
DA:10,1
DA:11,1
DA:12,1
DA:13,1
DA:14,1
DA:15,1
DA:16,1
DA:17,1
DA:18,1
DA:19,1
DA:20,1
DA:21,1
DA:22,1
DA:23,1
DA:24,1
DA:25,0
DA:26,0
DA:27,0
DA:28,0
DA:29,0
DA:30,0
DA:31,0
DA:32,0
DA:33,0
DA:34,0
DA:35,0
DA:36,0
DA:37,0
DA:38,0
DA:39,0
DA:40,0
DA:41,0
DA:42,0
DA:43,0
DA:44,0
DA:45,0
DA:46,0
DA:47,1
DA:48,1
DA:49,0
DA:50,0
DA:51,0
DA:52,0
DA:53,0
DA:54,0
DA:55,0
DA:56,0
DA:57,0
DA:58,0
DA:59,0
DA:60,0
DA:61,0
DA:62,0
DA:63,0
DA:64,0
DA:65,0
DA:66,0
DA:67,0
DA:68,0
DA:69,0
DA:70,0
DA:71,0
DA:72,0
DA:73,0
DA:74,0
DA:75,0
DA:76,0
DA:77,0
DA:78,0
DA:79,0
DA:80,0
DA:81,0
DA:82,0
DA:83,0
DA:84,0
DA:85,0
DA:86,0
DA:87,1
DA:88,1
DA:89,1
DA:90,1
DA:91,1
DA:92,1
DA:93,1
DA:94,1
DA:95,1
DA:96,1
DA:97,1
DA:98,1
DA:99,1
DA:100,1
DA:101,1
DA:102,1
DA:103,1
DA:104,1
DA:105,1
DA:106,1
DA:107,1
DA:108,1
DA:109,1
DA:110,1
DA:111,1
DA:112,1
DA:113,1
DA:114,1
DA:115,1
DA:116,1
DA:117,1
DA:118,1
DA:119,1
DA:120,1
DA:121,1
DA:122,1
DA:123,1
DA:124,1
DA:125,1
DA:126,1
DA:127,1
DA:128,1
DA:129,1
DA:130,1
DA:131,1
DA:132,1
DA:133,1
DA:134,1
DA:135,1
DA:136,1
DA:137,1
DA:138,1
DA:139,1
DA:140,1
DA:141,1
DA:142,1
DA:143,1
DA:144,1
DA:145,1
DA:146,1
DA:147,1
DA:148,0
DA:149,1
DA:150,1
DA:151,1
DA:152,0
DA:153,0
DA:154,0
DA:155,0
DA:156,0
DA:157,0
DA:158,0
DA:159,0
DA:160,0
DA:161,0
DA:162,0
DA:163,0
DA:164,0
DA:165,0
DA:166,0
DA:167,0
DA:168,0
DA:169,0
DA:170,0
DA:171,0
DA:172,0
DA:173,0
DA:174,0
DA:175,0
DA:176,0
DA:177,0
DA:178,0
DA:179,0
DA:180,0
DA:181,0
DA:182,0
DA:183,0
DA:184,0
DA:185,0
DA:186,0
DA:187,0
DA:188,0
DA:189,0
DA:190,0
DA:191,0
DA:192,0
DA:193,0
DA:194,0
DA:195,0
DA:196,0
DA:197,0
DA:198,0
DA:199,0
DA:200,1
DA:201,1
DA:202,1
DA:203,1
DA:204,1
DA:205,1
DA:206,1
LF:206
LH:97
BRDA:8,0,0,1
BRDA:113,1,0,0
BRDA:116,2,0,0
BRDA:147,3,0,0
BRDA:151,4,0,0
BRF:5
BRH:1
end_of_record
TN:
SF:src\components\MicroservicesPanel.jsx
FN:16,MicroservicesPanel
FN:31,loadData
FN:59,createWaitingRecord
FN:71,updateStatus
FN:77,readNotification
FN:116,onChange
FN:128,onChange
FN:134,onChange
FN:141,onChange
FN:163,onClick
FN:164,onClick
FN:187,onClick
FNF:12
FNH:6
FNDA:5,MicroservicesPanel
FNDA:3,loadData
FNDA:0,createWaitingRecord
FNDA:1,updateStatus
FNDA:1,readNotification
FNDA:0,onChange
FNDA:0,onChange
FNDA:0,onChange
FNDA:0,onChange
FNDA:1,onClick
FNDA:0,onClick
FNDA:1,onClick
DA:1,1
DA:2,1
DA:3,1
DA:4,1
DA:5,1
DA:6,1
DA:7,1
DA:8,1
DA:9,1
DA:10,1
DA:11,1
DA:12,1
DA:13,1
DA:14,1
DA:15,1
DA:16,5
DA:17,5
DA:18,5
DA:19,5
DA:20,5
DA:21,5
DA:22,5
DA:23,5
DA:24,5
DA:25,5
DA:26,5
DA:27,5
DA:28,5
DA:29,5
DA:30,5
DA:31,5
DA:32,3
DA:33,3
DA:34,3
DA:35,3
DA:36,3
DA:37,3
DA:38,3
DA:39,3
DA:40,3
DA:41,3
DA:42,3
DA:43,3
DA:44,3
DA:45,3
DA:46,0
DA:47,3
DA:48,3
DA:49,3
DA:50,3
DA:51,5
DA:52,5
DA:53,1
DA:54,1
DA:55,0
DA:56,0
DA:57,5
DA:58,5
DA:59,5
DA:60,0
DA:61,0
DA:62,0
DA:63,0
DA:64,0
DA:65,0
DA:66,0
DA:67,0
DA:68,0
DA:69,0
DA:70,5
DA:71,5
DA:72,1
DA:73,1
DA:74,1
DA:75,1
DA:76,5
DA:77,5
DA:78,1
DA:79,1
DA:80,1
DA:81,5
DA:82,5
DA:83,5
DA:84,5
DA:85,5
DA:86,5
DA:87,5
DA:88,5
DA:89,5
DA:90,5
DA:91,5
DA:92,5
DA:93,5
DA:94,5
DA:95,5
DA:96,5
DA:97,5
DA:98,5
DA:99,5
DA:100,5
DA:101,5
DA:102,5
DA:103,5
DA:104,5
DA:105,5
DA:106,5
DA:107,5
DA:108,5
DA:109,5
DA:110,5
DA:111,5
DA:112,5
DA:113,5
DA:114,5
DA:115,5
DA:116,5
DA:117,5
DA:118,5
DA:119,3
DA:120,3
DA:121,3
DA:122,5
DA:123,5
DA:124,5
DA:125,5
DA:126,5
DA:127,5
DA:128,5
DA:129,5
DA:130,5
DA:131,5
DA:132,5
DA:133,5
DA:134,5
DA:135,5
DA:136,5
DA:137,5
DA:138,5
DA:139,5
DA:140,5
DA:141,5
DA:142,5
DA:143,5
DA:144,5
DA:145,5
DA:146,5
DA:147,5
DA:148,5
DA:149,5
DA:150,5
DA:151,5
DA:152,5
DA:153,5
DA:154,5
DA:155,5
DA:156,3
DA:157,3
DA:158,3
DA:159,3
DA:160,3
DA:161,3
DA:162,3
DA:163,3
DA:164,3
DA:165,3
DA:166,3
DA:167,5
DA:168,5
DA:169,5
DA:170,5
DA:171,5
DA:172,5
DA:173,5
DA:174,5
DA:175,5
DA:176,5
DA:177,5
DA:178,5
DA:179,5
DA:180,5
DA:181,3
DA:182,3
DA:183,3
DA:184,3
DA:185,3
DA:186,3
DA:187,3
DA:188,3
DA:189,5
DA:190,5
DA:191,5
DA:192,5
DA:193,5
DA:194,5
DA:195,5
DA:196,5
DA:197,5
DA:198,5
DA:199,5
DA:200,5
DA:201,5
DA:202,5
DA:203,3
DA:204,3
DA:205,3
DA:206,3
DA:207,5
DA:208,5
DA:209,5
DA:210,5
DA:211,5
DA:212,5
DA:213,5
DA:214,1
DA:215,1
LF:215
LH:202
BRDA:16,0,0,5
BRDA:84,1,0,3
BRDA:84,2,0,2
BRDA:84,3,0,0
BRDA:100,4,0,2
BRDA:100,5,0,3
BRDA:155,6,0,3
BRDA:167,7,0,2
BRDA:180,8,0,3
BRDA:189,9,0,2
BRDA:202,10,0,3
BRDA:207,11,0,2
BRDA:31,12,0,3
BRDA:38,13,0,0
BRDA:40,14,0,0
BRDA:41,15,0,0
BRDA:42,16,0,0
BRDA:43,17,0,0
BRDA:45,18,0,0
BRDA:52,19,0,1
BRDA:54,20,0,0
BRDA:71,21,0,1
BRDA:73,22,0,0
BRDA:77,23,0,1
BRDA:95,24,0,3
BRDA:118,25,0,3
BRDA:129,26,0,30
BRDA:135,27,0,15
BRDA:155,28,0,3
BRDA:160,29,0,0
BRDA:163,30,0,1
BRDA:180,31,0,3
BRDA:187,32,0,1
BRDA:202,33,0,3
BRF:34
BRH:24
end_of_record
TN:
SF:src\components\PatientDetail.jsx
FN:1,PatientDetail
FNF:1
FNH:1
FNDA:1,PatientDetail
DA:1,1
DA:2,1
DA:3,0
DA:4,0
DA:5,0
DA:6,0
DA:7,0
DA:8,0
DA:9,0
DA:10,1
DA:11,1
DA:12,1
DA:13,1
DA:14,1
DA:15,1
DA:16,1
DA:17,1
DA:18,1
DA:19,1
DA:20,1
DA:21,1
DA:22,1
DA:23,1
DA:24,1
DA:25,1
DA:26,1
DA:27,1
DA:28,1
DA:29,1
DA:30,1
DA:31,1
DA:32,1
DA:33,1
DA:34,1
DA:35,1
DA:36,1
DA:37,1
DA:38,1
DA:39,1
DA:40,1
DA:41,1
DA:42,1
DA:43,1
DA:44,1
DA:45,1
DA:46,0
DA:47,0
DA:48,0
DA:49,0
DA:50,0
DA:51,1
DA:52,1
DA:53,1
DA:54,1
DA:55,1
DA:56,1
DA:57,1
LF:57
LH:45
BRDA:1,0,0,1
BRDA:2,1,0,0
BRDA:24,2,0,0
BRDA:45,3,0,0
BRDA:36,4,0,1
BRF:5
BRH:2
end_of_record
TN:
SF:src\components\PatientForm.jsx
FN:10,PatientForm
FN:13,handleChange
FN:18,handleSubmit
FNF:3
FNH:3
FNDA:5,PatientForm
FNDA:3,handleChange
FNDA:1,handleSubmit
DA:1,1
DA:2,1
DA:3,1
DA:4,1
DA:5,1
DA:6,1
DA:7,1
DA:8,1
DA:9,1
DA:10,5
DA:11,5
DA:12,5
DA:13,5
DA:14,3
DA:15,3
DA:16,3
DA:17,5
DA:18,5
DA:19,1
DA:20,1
DA:21,1
DA:22,1
DA:23,5
DA:24,5
DA:25,5
DA:26,5
DA:27,5
DA:28,5
DA:29,5
DA:30,5
DA:31,5
DA:32,5
DA:33,5
DA:34,5
DA:35,5
DA:36,5
DA:37,5
DA:38,5
DA:39,5
DA:40,5
DA:41,5
DA:42,5
DA:43,5
DA:44,5
DA:45,5
DA:46,5
DA:47,5
DA:48,5
DA:49,5
DA:50,5
DA:51,5
DA:52,5
DA:53,5
DA:54,5
DA:55,5
DA:56,5
DA:57,5
DA:58,5
DA:59,5
DA:60,5
DA:61,5
DA:62,5
DA:63,5
DA:64,5
DA:65,5
DA:66,5
DA:67,5
DA:68,5
DA:69,5
DA:70,5
DA:71,5
DA:72,5
DA:73,5
DA:74,5
DA:75,5
DA:76,5
DA:77,5
DA:78,1
DA:79,1
LF:79
LH:79
BRDA:10,0,0,5
BRDA:73,1,0,0
BRDA:13,2,0,3
BRDA:15,3,0,3
BRDA:18,4,0,1
BRF:5
BRH:4
end_of_record
TN:
SF:src\components\PatientList.jsx
FN:1,PatientList
FN:23,onClick
FNF:2
FNH:2
FNDA:2,PatientList
FNDA:1,onClick
DA:1,2
DA:2,2
DA:3,1
DA:4,1
DA:5,1
DA:6,1
DA:7,1
DA:8,1
DA:9,1
DA:10,1
DA:11,1
DA:12,1
DA:13,1
DA:14,1
DA:15,1
DA:16,1
DA:17,1
DA:18,1
DA:19,1
DA:20,1
DA:21,1
DA:22,1
DA:23,1
DA:24,1
DA:25,1
DA:26,1
DA:27,1
DA:28,1
DA:29,1
DA:30,1
DA:31,1
DA:32,1
DA:33,1
DA:34,1
DA:35,1
DA:36,1
DA:37,1
DA:38,1
DA:39,1
DA:40,1
DA:41,1
DA:42,1
LF:42
LH:42
BRDA:1,0,0,2
BRDA:2,1,0,1
BRDA:19,2,0,1
BRDA:22,3,0,0
BRDA:23,4,0,1
BRF:5
BRH:4
end_of_record
TN:
SF:src\components\ReassignmentPanel.jsx
FN:9,ReassignmentPanel
FN:22,loadData
FN:35,handleSubmit
FN:76,onChange
FN:94,onChange
FN:103,onChange
FN:114,onChange
FNF:7
FNH:7
FNDA:10,ReassignmentPanel
FNDA:2,loadData
FNDA:1,handleSubmit
FNDA:1,onChange
FNDA:1,onChange
FNDA:1,onChange
FNDA:1,onChange
DA:1,1
DA:2,1
DA:3,1
DA:4,1
DA:5,1
DA:6,1
DA:7,1
DA:8,1
DA:9,10
DA:10,10
DA:11,10
DA:12,10
DA:13,10
DA:14,10
DA:15,10
DA:16,10
DA:17,10
DA:18,10
DA:19,10
DA:20,10
DA:21,10
DA:22,10
DA:23,2
DA:24,2
DA:25,2
DA:26,2
DA:27,2
DA:28,2
DA:29,2
DA:30,10
DA:31,10
DA:32,1
DA:33,10
DA:34,10
DA:35,10
DA:36,1
DA:37,1
DA:38,1
DA:39,1
DA:40,1
DA:41,1
DA:42,1
DA:43,1
DA:44,1
DA:45,1
DA:46,1
DA:47,1
DA:48,1
DA:49,1
DA:50,1
DA:51,0
DA:52,1
DA:53,1
DA:54,1
DA:55,1
DA:56,10
DA:57,10
DA:58,10
DA:59,10
DA:60,10
DA:61,10
DA:62,10
DA:63,10
DA:64,10
DA:65,10
DA:66,10
DA:67,10
DA:68,10
DA:69,10
DA:70,10
DA:71,10
DA:72,10
DA:73,10
DA:74,10
DA:75,10
DA:76,10
DA:77,10
DA:78,10
DA:79,10
DA:80,10
DA:81,9
DA:82,9
DA:83,9
DA:84,10
DA:85,10
DA:86,10
DA:87,10
DA:88,10
DA:89,10
DA:90,10
DA:91,10
DA:92,10
DA:93,10
DA:94,10
DA:95,10
DA:96,10
DA:97,10
DA:98,10
DA:99,10
DA:100,10
DA:101,10
DA:102,10
DA:103,10
DA:104,10
DA:105,10
DA:106,10
DA:107,10
DA:108,10
DA:109,10
DA:110,10
DA:111,10
DA:112,10
DA:113,10
DA:114,10
DA:115,10
DA:116,10
DA:117,10
DA:118,10
DA:119,10
DA:120,10
DA:121,10
DA:122,10
DA:123,10
DA:124,10
DA:125,10
DA:126,10
DA:127,10
DA:128,10
DA:129,10
DA:130,10
DA:131,10
DA:132,10
DA:133,10
DA:134,10
DA:135,10
DA:136,0
DA:137,0
DA:138,0
DA:139,0
DA:140,0
DA:141,0
DA:142,0
DA:143,0
DA:144,0
DA:145,0
DA:146,0
DA:147,0
DA:148,10
DA:149,10
DA:150,10
DA:151,10
DA:152,10
DA:153,10
DA:154,10
DA:155,10
DA:156,10
DA:157,10
DA:158,1
DA:159,1
LF:159
LH:146
BRDA:9,0,0,10
BRDA:69,1,0,7
BRDA:69,2,0,3
BRDA:69,3,0,0
BRDA:120,4,0,3
BRDA:120,5,0,7
BRDA:135,6,0,0
BRDA:22,7,0,2
BRDA:27,8,0,0
BRDA:28,9,0,0
BRDA:31,10,0,1
BRDA:35,11,0,1
BRDA:49,12,0,0
BRDA:50,13,0,0
BRDA:76,14,0,1
BRDA:80,15,0,9
BRDA:94,16,0,1
BRDA:103,17,0,1
BRDA:114,18,0,1
BRF:19
BRH:13
end_of_record
TN:
SF:src\components\SettingsPanel.jsx
FN:3,SettingsPanel
FN:4,toggle
FN:25,onChange
FN:40,onChange
FN:55,onChange
FN:70,onChange
FNF:6
FNH:3
FNDA:1,SettingsPanel
FNDA:1,toggle
FNDA:1,onChange
FNDA:0,onChange
FNDA:0,onChange
FNDA:0,onChange
DA:1,1
DA:2,1
DA:3,1
DA:4,1
DA:5,1
DA:6,1
DA:7,1
DA:8,1
DA:9,1
DA:10,1
DA:11,1
DA:12,1
DA:13,1
DA:14,1
DA:15,1
DA:16,1
DA:17,1
DA:18,1
DA:19,1
DA:20,1
DA:21,1
DA:22,1
DA:23,1
DA:24,1
DA:25,1
DA:26,1
DA:27,1
DA:28,1
DA:29,1
DA:30,1
DA:31,1
DA:32,1
DA:33,1
DA:34,1
DA:35,1
DA:36,1
DA:37,1
DA:38,1
DA:39,1
DA:40,1
DA:41,1
DA:42,1
DA:43,1
DA:44,1
DA:45,1
DA:46,1
DA:47,1
DA:48,1
DA:49,1
DA:50,1
DA:51,1
DA:52,1
DA:53,1
DA:54,1
DA:55,1
DA:56,1
DA:57,1
DA:58,1
DA:59,1
DA:60,1
DA:61,1
DA:62,1
DA:63,1
DA:64,1
DA:65,1
DA:66,1
DA:67,1
DA:68,1
DA:69,1
DA:70,1
DA:71,1
DA:72,1
DA:73,1
DA:74,1
DA:75,1
DA:76,1
DA:77,1
DA:78,1
DA:79,1
LF:79
LH:79
BRDA:3,0,0,1
BRDA:4,1,0,1
BRDA:25,2,0,1
BRF:3
BRH:3
end_of_record
TN:
SF:src\hooks\usePatientApi.jsx
FN:5,setAuthToken
FN:13,authHeaders
FN:21,requestJson
FN:34,loginDoctor
FN:50,registerDoctor
FN:66,fetchPatients
FN:70,fetchPatientWithCitas
FN:74,fetchAllCitas
FN:78,createPatient
FN:88,createCita
FN:98,fetchListaEspera
FN:102,fetchListaEsperaPendiente
FN:106,createListaEspera
FN:116,updateListaEsperaEstado
FN:122,fetchReassignments
FN:126,reassignAppointment
FN:136,fetchAuditEvents
FN:140,fetchNotifications
FN:144,markNotificationAsRead
FNF:19
FNH:19
FNDA:2,setAuthToken
FNDA:15,authHeaders
FNDA:15,requestJson
FNDA:2,loginDoctor
FNDA:1,registerDoctor
FNDA:2,fetchPatients
FNDA:1,fetchPatientWithCitas
FNDA:1,fetchAllCitas
FNDA:1,createPatient
FNDA:1,createCita
FNDA:1,fetchListaEspera
FNDA:1,fetchListaEsperaPendiente
FNDA:1,createListaEspera
FNDA:1,updateListaEsperaEstado
FNDA:1,fetchReassignments
FNDA:1,reassignAppointment
FNDA:1,fetchAuditEvents
FNDA:1,fetchNotifications
FNDA:1,markNotificationAsRead
DA:1,1
DA:2,1
DA:3,1
DA:4,1
DA:5,1
DA:6,2
DA:7,2
DA:8,2
DA:9,0
DA:10,0
DA:11,2
DA:12,1
DA:13,15
DA:14,15
DA:15,15
DA:16,15
DA:17,15
DA:18,15
DA:19,15
DA:20,1
DA:21,15
DA:22,15
DA:23,15
DA:24,15
DA:25,15
DA:26,15
DA:27,15
DA:28,1
DA:29,1
DA:30,14
DA:31,14
DA:32,14
DA:33,1
DA:34,2
DA:35,2
DA:36,2
DA:37,2
DA:38,2
DA:39,2
DA:40,2
DA:41,2
DA:42,2
DA:43,2
DA:44,1
DA:45,1
DA:46,1
DA:47,1
DA:48,1
DA:49,1
DA:50,1
DA:51,1
DA:52,1
DA:53,1
DA:54,1
DA:55,1
DA:56,1
DA:57,1
DA:58,1
DA:59,1
DA:60,0
DA:61,0
DA:62,1
DA:63,1
DA:64,1
DA:65,1
DA:66,2
DA:67,2
DA:68,2
DA:69,1
DA:70,1
DA:71,1
DA:72,1
DA:73,1
DA:74,1
DA:75,1
DA:76,1
DA:77,1
DA:78,1
DA:79,1
DA:80,1
DA:81,1
DA:82,1
DA:83,1
DA:84,1
DA:85,1
DA:86,1
DA:87,1
DA:88,1
DA:89,1
DA:90,1
DA:91,1
DA:92,1
DA:93,1
DA:94,1
DA:95,1
DA:96,1
DA:97,1
DA:98,1
DA:99,1
DA:100,1
DA:101,1
DA:102,1
DA:103,1
DA:104,1
DA:105,1
DA:106,1
DA:107,1
DA:108,1
DA:109,1
DA:110,1
DA:111,1
DA:112,1
DA:113,1
DA:114,1
DA:115,1
DA:116,1
DA:117,1
DA:118,1
DA:119,1
DA:120,1
DA:121,1
DA:122,1
DA:123,1
DA:124,1
DA:125,1
DA:126,1
DA:127,1
DA:128,1
DA:129,1
DA:130,1
DA:131,1
DA:132,1
DA:133,1
DA:134,1
DA:135,1
DA:136,1
DA:137,1
DA:138,1
DA:139,1
DA:140,1
DA:141,1
DA:142,1
DA:143,1
DA:144,1
DA:145,1
DA:146,1
DA:147,1
DA:148,1
LF:148
LH:144
BRDA:5,0,0,2
BRDA:8,1,0,0
BRDA:13,2,0,15
BRDA:17,3,0,14
BRDA:17,4,0,1
BRDA:21,5,0,15
BRDA:27,6,0,1
BRDA:29,7,0,14
BRDA:34,8,0,2
BRDA:43,9,0,1
BRDA:50,10,0,1
BRDA:59,11,0,0
BRDA:66,12,0,2
BRDA:70,13,0,1
BRDA:74,14,0,1
BRDA:78,15,0,1
BRDA:88,16,0,1
BRDA:98,17,0,1
BRDA:102,18,0,1
BRDA:106,19,0,1
BRDA:116,20,0,1
BRDA:122,21,0,1
BRDA:126,22,0,1
BRDA:136,23,0,1
BRDA:140,24,0,1
BRDA:144,25,0,1
BRF:26
BRH:24
end_of_record
