TN:
SF:src\App.jsx
FN:53,App
FN:79,loadPatients
FN:105,handleLogin
FN:112,handleLogout
FN:119,handleSelectPatient
FN:133,handleCreatePatient
FN:167,onClick
FN:215,onAppointmentCreated
FN:221,onReassigned
FN:241,onChange
FNF:10
FNH:8
FNDA:37,App
FNDA:5,loadPatients
FNDA:1,handleLogin
FNDA:1,handleLogout
FNDA:3,handleSelectPatient
FNDA:2,handleCreatePatient
FNDA:6,onClick
FNDA:0,onAppointmentCreated
FNDA:0,onReassigned
FNDA:1,onChange
DA:1,1
DA:2,1
DA:3,1
DA:4,1
DA:5,1
DA:6,1
DA:7,1
DA:8,1
DA:9,1
DA:10,1
DA:11,1
DA:12,1
DA:13,1
DA:14,1
DA:15,1
DA:16,1
DA:17,1
DA:18,1
DA:19,1
DA:20,1
DA:21,1
DA:22,1
DA:23,1
DA:24,1
DA:25,1
DA:26,1
DA:27,1
DA:28,1
DA:29,1
DA:30,1
DA:31,1
DA:32,1
DA:33,1
DA:34,1
DA:35,1
DA:36,1
DA:37,1
DA:38,1
DA:39,1
DA:40,1
DA:41,1
DA:42,1
DA:43,1
DA:44,1
DA:45,1
DA:46,1
DA:47,1
DA:48,1
DA:49,1
DA:50,1
DA:51,1
DA:52,1
DA:53,37
DA:54,37
DA:55,4
DA:56,4
DA:57,4
DA:58,4
DA:59,37
DA:60,37
DA:61,37
DA:62,37
DA:63,37
DA:64,37
DA:65,37
DA:66,37
DA:67,37
DA:68,37
DA:69,37
DA:70,37
DA:71,4
DA:72,4
DA:73,37
DA:74,37
DA:75,37
DA:76,8
DA:77,37
DA:78,37
DA:79,37
DA:80,5
DA:81,5
DA:82,5
DA:83,5
DA:84,5
DA:85,5
DA:86,1
DA:87,5
DA:88,5
DA:89,5
DA:90,5
DA:91,37
DA:92,37
DA:93,12
DA:94,37
DA:95,37
DA:96,37
DA:97,8
DA:98,8
DA:99,1
DA:100,1
DA:101,1
DA:102,1
DA:103,37
DA:104,37
DA:105,37
DA:106,1
DA:107,1
DA:108,1
DA:109,1
DA:110,1
DA:111,37
DA:112,37
DA:113,1
DA:114,1
DA:115,1
DA:116,1
DA:117,1
DA:118,37
DA:119,37
DA:120,3
DA:121,3
DA:122,3
DA:123,2
DA:124,3
DA:125,3
DA:126,3
DA:127,1
DA:128,3
DA:129,3
DA:130,3
DA:131,3
DA:132,37
DA:133,37
DA:134,2
DA:135,2
DA:136,2
DA:137,1
DA:138,1
DA:139,1
DA:140,1
DA:141,1
DA:142,1
DA:143,2
DA:144,2
DA:145,2
DA:146,2
DA:147,37
DA:148,37
DA:149,34
DA:150,34
DA:151,37
DA:152,37
DA:153,37
DA:154,37
DA:155,37
DA:156,37
DA:157,37
DA:158,37
DA:159,37
DA:160,37
DA:161,37
DA:162,37
DA:163,170
DA:164,170
DA:165,170
DA:166,170
DA:167,170
DA:168,6
DA:169,6
DA:170,6
DA:171,6
DA:172,170
DA:173,170
DA:174,170
DA:175,170
DA:176,37
DA:177,37
DA:178,37
DA:179,37
DA:180,37
DA:181,37
DA:182,37
DA:183,37
DA:184,37
DA:185,37
DA:186,37
DA:187,37
DA:188,37
DA:189,37
DA:190,37
DA:191,37
DA:192,37
DA:193,37
DA:194,37
DA:195,37
DA:196,37
DA:197,37
DA:198,37
DA:199,37
DA:200,37
DA:201,37
DA:202,37
DA:203,37
DA:204,1
DA:205,1
DA:206,1
DA:207,1
DA:208,1
DA:209,1
DA:210,1
DA:211,1
DA:212,1
DA:213,1
DA:214,1
DA:215,1
DA:216,1
DA:217,1
DA:218,1
DA:219,1
DA:220,1
DA:221,1
DA:222,1
DA:223,1
DA:224,33
DA:225,25
DA:226,25
DA:227,25
DA:228,25
DA:229,25
DA:230,25
DA:231,25
DA:232,25
DA:233,25
DA:234,25
DA:235,25
DA:236,25
DA:237,25
DA:238,25
DA:239,25
DA:240,25
DA:241,25
DA:242,25
DA:243,25
DA:244,25
DA:245,25
DA:246,25
DA:247,25
DA:248,25
DA:249,25
DA:250,25
DA:251,25
DA:252,25
DA:253,25
DA:254,25
DA:255,25
DA:256,8
DA:257,1
DA:258,7
DA:259,2
DA:260,2
DA:261,2
DA:262,2
DA:263,2
DA:264,2
DA:265,2
DA:266,2
DA:267,2
DA:268,2
DA:269,2
DA:270,2
DA:271,5
DA:272,5
DA:273,37
DA:274,37
DA:275,37
DA:276,37
DA:277,37
DA:278,1
DA:279,1
LF:279
LH:279
BRDA:53,0,0,37
BRDA:148,1,0,3
BRDA:148,2,0,34
BRDA:151,3,0,16
BRDA:151,4,0,18
BRDA:151,5,0,19
BRDA:151,6,0,15
BRDA:203,7,0,1
BRDA:223,8,0,33
BRDA:224,9,0,25
BRDA:226,10,0,21
BRDA:226,11,0,5
BRDA:226,12,0,4
BRDA:226,13,0,1
BRDA:226,14,0,1
BRDA:236,15,0,7
BRDA:244,16,0,7
BRDA:255,17,0,8
BRDA:256,18,0,1
BRDA:257,19,0,7
BRDA:258,20,0,2
BRDA:270,21,0,5
BRDA:54,22,0,4
BRDA:56,23,0,2
BRDA:56,24,0,2
BRDA:57,25,0,2
BRDA:57,26,0,2
BRDA:70,27,0,4
BRDA:72,28,0,1
BRDA:72,29,0,3
BRDA:75,30,0,8
BRDA:79,31,0,5
BRDA:82,32,0,4
BRDA:83,33,0,0
BRDA:85,34,0,1
BRDA:92,35,0,12
BRDA:93,36,0,9
BRDA:93,37,0,4
BRDA:96,38,0,8
BRDA:98,39,0,7
BRDA:98,40,0,1
BRDA:99,41,0,1
BRDA:105,42,0,1
BRDA:112,43,0,1
BRDA:119,44,0,3
BRDA:122,45,0,2
BRDA:124,46,0,0
BRDA:126,47,0,1
BRDA:133,48,0,2
BRDA:136,49,0,1
BRDA:162,50,0,170
BRDA:164,51,0,34
BRDA:164,52,0,136
BRDA:167,53,0,6
BRDA:241,54,0,1
BRF:55
BRH:53
end_of_record
TN:
SF:src\components\AppointmentForm.jsx
FN:4,AppointmentForm
FN:27,loadPacientes
FN:36,handleChange
FN:43,handleSubmit
FNF:4
FNH:4
FNDA:21,AppointmentForm
FNDA:4,loadPacientes
FNDA:10,handleChange
FNDA:2,handleSubmit
DA:1,1
DA:2,1
DA:3,1
DA:4,21
DA:5,21
DA:6,21
DA:7,21
DA:8,21
DA:9,21
DA:10,21
DA:11,21
DA:12,21
DA:13,21
DA:14,21
DA:15,21
DA:16,21
DA:17,21
DA:18,21
DA:19,21
DA:20,21
DA:21,21
DA:22,21
DA:23,21
DA:24,4
DA:25,21
DA:26,21
DA:27,21
DA:28,4
DA:29,4
DA:30,4
DA:31,4
DA:32,1
DA:33,1
DA:34,4
DA:35,21
DA:36,21
DA:37,10
DA:38,10
DA:39,10
DA:40,10
DA:41,10
DA:42,21
DA:43,21
DA:44,2
DA:45,2
DA:46,2
DA:47,2
DA:48,2
DA:49,2
DA:50,2
DA:51,2
DA:52,2
DA:53,2
DA:54,2
DA:55,2
DA:56,2
DA:57,2
DA:58,1
DA:59,1
DA:60,1
DA:61,1
DA:62,1
DA:63,1
DA:64,1
DA:65,1
DA:66,1
DA:67,1
DA:68,1
DA:69,1
DA:70,1
DA:71,1
DA:72,1
DA:73,2
DA:74,2
DA:75,2
DA:76,21
DA:77,21
DA:78,21
DA:79,21
DA:80,21
DA:81,21
DA:82,21
DA:83,21
DA:84,21
DA:85,21
DA:86,21
DA:87,21
DA:88,21
DA:89,21
DA:90,21
DA:91,17
DA:92,17
DA:93,17
DA:94,21
DA:95,21
DA:96,21
DA:97,21
DA:98,21
DA:99,21
DA:100,21
DA:101,21
DA:102,21
DA:103,21
DA:104,21
DA:105,21
DA:106,21
DA:107,21
DA:108,21
DA:109,126
DA:110,21
DA:111,21
DA:112,21
DA:113,21
DA:114,21
DA:115,21
DA:116,21
DA:117,21
DA:118,21
DA:119,21
DA:120,21
DA:121,21
DA:122,21
DA:123,21
DA:124,21
DA:125,21
DA:126,21
DA:127,21
DA:128,21
DA:129,21
DA:130,21
DA:131,21
DA:132,21
DA:133,21
DA:134,21
DA:135,21
DA:136,21
DA:137,21
DA:138,21
DA:139,21
DA:140,21
DA:141,21
DA:142,21
DA:143,21
DA:144,21
DA:145,21
DA:146,21
DA:147,21
DA:148,21
DA:149,21
DA:150,21
DA:151,21
DA:152,21
DA:153,21
DA:154,21
DA:155,21
DA:156,21
DA:157,21
DA:158,21
DA:159,21
DA:160,21
DA:161,1
DA:162,1
LF:162
LH:162
BRDA:4,0,0,21
BRDA:156,1,0,2
BRDA:156,2,0,19
BRDA:23,3,0,4
BRDA:27,4,0,4
BRDA:29,5,0,3
BRDA:30,6,0,0
BRDA:31,7,0,1
BRDA:36,8,0,10
BRDA:43,9,0,2
BRDA:57,10,0,1
BRDA:90,11,0,17
BRDA:108,12,0,126
BRF:13
BRH:12
end_of_record
TN:
SF:src\components\CitasPublic.jsx
FN:5,CitasPublic
FNF:1
FNH:1
FNDA:16,CitasPublic
DA:1,1
DA:2,1
DA:3,1
DA:4,1
DA:5,16
DA:6,16
DA:7,16
DA:8,16
DA:9,16
DA:10,16
DA:11,4
DA:12,4
DA:13,4
DA:14,3
DA:15,3
DA:16,4
DA:17,4
DA:18,4
DA:19,16
DA:20,16
DA:21,16
DA:22,16
DA:23,16
DA:24,16
DA:25,16
DA:26,16
DA:27,16
DA:28,16
DA:29,16
DA:30,16
DA:31,16
DA:32,16
DA:33,8
DA:34,8
DA:35,2
DA:36,6
DA:37,2
DA:38,2
DA:39,2
DA:40,2
DA:41,2
DA:42,2
DA:43,2
DA:44,2
DA:45,2
DA:46,2
DA:47,2
DA:48,4
DA:49,4
DA:50,4
DA:51,4
DA:52,4
DA:53,16
DA:54,16
DA:55,16
DA:56,16
DA:57,1
DA:58,1
LF:58
LH:58
BRDA:5,0,0,16
BRDA:32,1,0,8
BRDA:33,2,0,8
BRDA:34,3,0,2
BRDA:35,4,0,6
BRDA:36,5,0,2
BRDA:47,6,0,4
BRDA:10,7,0,4
BRDA:13,8,0,3
BRDA:14,9,0,0
BRDA:17,10,0,1
BRDA:18,11,0,4
BRDA:38,12,0,2
BRDA:41,13,0,0
BRF:14
BRH:12
end_of_record
TN:
SF:src\components\Login.jsx
FN:8,Login
FN:24,handleLoginSubmit
FN:48,handleRegisterSubmit
FN:113,onClick
FN:116,onClick
FN:132,onChange
FN:142,onChange
FN:162,onChange
FN:172,onChange
FN:183,onChange
FN:192,onChange
FNF:11
FNH:10
FNDA:44,Login
FNDA:4,handleLoginSubmit
FNDA:6,handleRegisterSubmit
FNDA:0,onClick
FNDA:2,onClick
FNDA:3,onChange
FNDA:2,onChange
FNDA:3,onChange
FNDA:4,onChange
FNDA:4,onChange
FNDA:5,onChange
DA:1,1
DA:2,1
DA:3,1
DA:4,1
DA:5,1
DA:6,1
DA:7,1
DA:8,44
DA:9,44
DA:10,44
DA:11,44
DA:12,44
DA:13,44
DA:14,44
DA:15,44
DA:16,44
DA:17,44
DA:18,44
DA:19,44
DA:20,44
DA:21,44
DA:22,44
DA:23,44
DA:24,44
DA:25,4
DA:26,4
DA:27,4
DA:28,4
DA:29,4
DA:30,4
DA:31,4
DA:32,1
DA:33,1
DA:34,1
DA:35,3
DA:36,3
DA:37,3
DA:38,3
DA:39,3
DA:40,3
DA:41,2
DA:42,2
DA:43,2
DA:44,1
DA:45,1
DA:46,4
DA:47,44
DA:48,44
DA:49,6
DA:50,6
DA:51,6
DA:52,6
DA:53,6
DA:54,6
DA:55,6
DA:56,6
DA:57,1
DA:58,1
DA:59,1
DA:60,5
DA:61,6
DA:62,1
DA:63,1
DA:64,1
DA:65,4
DA:66,6
DA:67,1
DA:68,1
DA:69,1
DA:70,3
DA:71,6
DA:72,1
DA:73,1
DA:74,1
DA:75,2
DA:76,2
DA:77,2
DA:78,1
DA:79,1
DA:80,1
DA:81,1
DA:82,1
DA:83,1
DA:84,1
DA:85,1
DA:86,6
DA:87,44
DA:88,44
DA:89,44
DA:90,44
DA:91,44
DA:92,44
DA:93,44
DA:94,44
DA:95,44
DA:96,44
DA:97,44
DA:98,44
DA:99,44
DA:100,44
DA:101,44
DA:102,44
DA:103,44
DA:104,44
DA:105,44
DA:106,44
DA:107,44
DA:108,44
DA:109,44
DA:110,44
DA:111,44
DA:112,44
DA:113,44
DA:114,44
DA:115,44
DA:116,44
DA:117,44
DA:118,44
DA:119,44
DA:120,44
DA:121,44
DA:122,19
DA:123,19
DA:124,19
DA:125,19
DA:126,19
DA:127,19
DA:128,19
DA:129,19
DA:130,19
DA:131,19
DA:132,19
DA:133,19
DA:134,19
DA:135,19
DA:136,19
DA:137,19
DA:138,19
DA:139,19
DA:140,19
DA:141,19
DA:142,19
DA:143,19
DA:144,19
DA:145,19
DA:146,19
DA:147,19
DA:148,5
DA:149,19
DA:150,19
DA:151,19
DA:152,25
DA:153,25
DA:154,25
DA:155,25
DA:156,25
DA:157,25
DA:158,25
DA:159,25
DA:160,25
DA:161,25
DA:162,25
DA:163,25
DA:164,25
DA:165,25
DA:166,25
DA:167,25
DA:168,25
DA:169,25
DA:170,25
DA:171,25
DA:172,25
DA:173,25
DA:174,25
DA:175,25
DA:176,25
DA:177,25
DA:178,25
DA:179,25
DA:180,25
DA:181,25
DA:182,25
DA:183,25
DA:184,25
DA:185,25
DA:186,25
DA:187,25
DA:188,25
DA:189,25
DA:190,25
DA:191,25
DA:192,25
DA:193,25
DA:194,25
DA:195,25
DA:196,25
DA:197,25
DA:198,25
DA:199,25
DA:200,44
DA:201,44
DA:202,44
DA:203,44
DA:204,44
DA:205,1
DA:206,1
LF:206
LH:206
BRDA:8,0,0,44
BRDA:113,1,0,19
BRDA:113,2,0,25
BRDA:116,3,0,25
BRDA:116,4,0,19
BRDA:121,5,0,19
BRDA:147,6,0,15
BRDA:147,7,0,15
BRDA:147,8,0,5
BRDA:148,9,0,1
BRDA:148,10,0,4
BRDA:148,11,0,4
BRDA:148,12,0,0
BRDA:151,13,0,25
BRDA:197,14,0,13
BRDA:24,15,0,4
BRDA:31,16,0,1
BRDA:34,17,0,3
BRDA:40,18,0,2
BRDA:43,19,0,1
BRDA:48,20,0,6
BRDA:56,21,0,1
BRDA:59,22,0,5
BRDA:61,23,0,1
BRDA:64,24,0,4
BRDA:66,25,0,1
BRDA:69,26,0,3
BRDA:71,27,0,1
BRDA:74,28,0,2
BRDA:77,29,0,1
BRDA:116,30,0,2
BRDA:132,31,0,3
BRDA:142,32,0,2
BRDA:162,33,0,3
BRDA:172,34,0,4
BRDA:183,35,0,4
BRDA:192,36,0,5
BRF:37
BRH:36
end_of_record
TN:
SF:src\components\MicroservicesPanel.jsx
FN:16,MicroservicesPanel
FN:31,loadData
FN:59,createWaitingRecord
FN:71,updateStatus
FN:77,readNotification
FN:116,onChange
FN:128,onChange
FN:134,onChange
FN:141,onChange
FN:163,onClick
FN:164,onClick
FN:187,onClick
FNF:12
FNH:10
FNDA:18,MicroservicesPanel
FNDA:8,loadData
FNDA:1,createWaitingRecord
FNDA:2,updateStatus
FNDA:1,readNotification
FNDA:1,onChange
FNDA:0,onChange
FNDA:0,onChange
FNDA:1,onChange
FNDA:1,onClick
FNDA:1,onClick
FNDA:1,onClick
DA:1,1
DA:2,1
DA:3,1
DA:4,1
DA:5,1
DA:6,1
DA:7,1
DA:8,1
DA:9,1
DA:10,1
DA:11,1
DA:12,1
DA:13,1
DA:14,1
DA:15,1
DA:16,18
DA:17,18
DA:18,18
DA:19,18
DA:20,18
DA:21,18
DA:22,18
DA:23,18
DA:24,18
DA:25,18
DA:26,18
DA:27,18
DA:28,18
DA:29,18
DA:30,18
DA:31,18
DA:32,8
DA:33,8
DA:34,8
DA:35,8
DA:36,8
DA:37,8
DA:38,8
DA:39,8
DA:40,8
DA:41,8
DA:42,8
DA:43,8
DA:44,8
DA:45,8
DA:46,1
DA:47,8
DA:48,8
DA:49,8
DA:50,8
DA:51,18
DA:52,18
DA:53,4
DA:54,4
DA:55,0
DA:56,0
DA:57,18
DA:58,18
DA:59,18
DA:60,1
DA:61,1
DA:62,1
DA:63,1
DA:64,1
DA:65,1
DA:66,1
DA:67,0
DA:68,0
DA:69,1
DA:70,18
DA:71,18
DA:72,2
DA:73,2
DA:74,2
DA:75,2
DA:76,18
DA:77,18
DA:78,1
DA:79,1
DA:80,1
DA:81,18
DA:82,18
DA:83,18
DA:84,18
DA:85,18
DA:86,18
DA:87,18
DA:88,18
DA:89,18
DA:90,18
DA:91,18
DA:92,18
DA:93,18
DA:94,18
DA:95,18
DA:96,18
DA:97,18
DA:98,18
DA:99,18
DA:100,18
DA:101,18
DA:102,18
DA:103,18
DA:104,18
DA:105,18
DA:106,18
DA:107,18
DA:108,18
DA:109,18
DA:110,18
DA:111,18
DA:112,18
DA:113,18
DA:114,18
DA:115,18
DA:116,18
DA:117,18
DA:118,18
DA:119,9
DA:120,9
DA:121,9
DA:122,18
DA:123,18
DA:124,18
DA:125,18
DA:126,18
DA:127,18
DA:128,18
DA:129,18
DA:130,18
DA:131,18
DA:132,18
DA:133,18
DA:134,18
DA:135,18
DA:136,18
DA:137,18
DA:138,18
DA:139,18
DA:140,18
DA:141,18
DA:142,18
DA:143,18
DA:144,18
DA:145,18
DA:146,18
DA:147,18
DA:148,18
DA:149,18
DA:150,18
DA:151,18
DA:152,18
DA:153,18
DA:154,18
DA:155,18
DA:156,8
DA:157,8
DA:158,8
DA:159,8
DA:160,8
DA:161,8
DA:162,8
DA:163,8
DA:164,8
DA:165,8
DA:166,8
DA:167,18
DA:168,18
DA:169,18
DA:170,18
DA:171,18
DA:172,11
DA:173,11
DA:174,11
DA:175,11
DA:176,11
DA:177,11
DA:178,11
DA:179,11
DA:180,11
DA:181,3
DA:182,3
DA:183,3
DA:184,3
DA:185,3
DA:186,3
DA:187,3
DA:188,3
DA:189,11
DA:190,11
DA:191,11
DA:192,18
DA:193,18
DA:194,18
DA:195,18
DA:196,18
DA:197,18
DA:198,18
DA:199,18
DA:200,18
DA:201,18
DA:202,18
DA:203,8
DA:204,8
DA:205,8
DA:206,8
DA:207,18
DA:208,18
DA:209,18
DA:210,18
DA:211,18
DA:212,18
DA:213,18
DA:214,1
DA:215,1
LF:215
LH:211
BRDA:16,0,0,18
BRDA:84,1,0,14
BRDA:84,2,0,5
BRDA:84,3,0,1
BRDA:84,4,0,4
BRDA:84,5,0,4
BRDA:100,6,0,6
BRDA:100,7,0,12
BRDA:155,8,0,8
BRDA:167,9,0,10
BRDA:171,10,0,11
BRDA:180,11,0,3
BRDA:189,12,0,8
BRDA:202,13,0,8
BRDA:207,14,0,10
BRDA:31,15,0,8
BRDA:38,16,0,6
BRDA:38,17,0,2
BRDA:39,18,0,7
BRDA:40,19,0,0
BRDA:41,20,0,0
BRDA:42,21,0,0
BRDA:43,22,0,0
BRDA:45,23,0,1
BRDA:52,24,0,4
BRDA:54,25,0,0
BRDA:59,26,0,1
BRDA:66,27,0,0
BRDA:63,28,0,1
BRDA:71,29,0,2
BRDA:73,30,0,1
BRDA:73,31,0,1
BRDA:77,32,0,1
BRDA:95,33,0,3
BRDA:116,34,0,1
BRDA:118,35,0,9
BRDA:129,36,0,108
BRDA:135,37,0,54
BRDA:141,38,0,1
BRDA:155,39,0,8
BRDA:160,40,0,0
BRDA:163,41,0,1
BRDA:164,42,0,1
BRDA:180,43,0,3
BRDA:187,44,0,1
BRDA:202,45,0,8
BRF:46
BRH:39
end_of_record
TN:
SF:src\components\PatientDetail.jsx
FN:1,PatientDetail
FNF:1
FNH:1
FNDA:27,PatientDetail
DA:1,27
DA:2,27
DA:3,18
DA:4,18
DA:5,18
DA:6,18
DA:7,18
DA:8,18
DA:9,18
DA:10,9
DA:11,9
DA:12,9
DA:13,9
DA:14,9
DA:15,27
DA:16,27
DA:17,27
DA:18,27
DA:19,27
DA:20,27
DA:21,27
DA:22,27
DA:23,27
DA:24,27
DA:25,27
DA:26,27
DA:27,27
DA:28,27
DA:29,27
DA:30,27
DA:31,27
DA:32,27
DA:33,27
DA:34,27
DA:35,8
DA:36,8
DA:37,8
DA:38,8
DA:39,8
DA:40,8
DA:41,8
DA:42,8
DA:43,8
DA:44,8
DA:45,8
DA:46,1
DA:47,1
DA:48,1
DA:49,1
DA:50,1
DA:51,27
DA:52,27
DA:53,27
DA:54,27
DA:55,27
DA:56,1
DA:57,1
LF:57
LH:57
BRDA:1,0,0,27
BRDA:2,1,0,18
BRDA:9,2,0,9
BRDA:15,3,0,9
BRDA:24,4,0,1
BRDA:34,5,0,8
BRDA:45,6,0,1
BRDA:36,7,0,8
BRDA:40,8,0,1
BRF:9
BRH:9
end_of_record
TN:
SF:src\components\PatientForm.jsx
FN:10,PatientForm
FN:13,handleChange
FN:18,handleSubmit
FNF:3
FNH:3
FNDA:37,PatientForm
FNDA:9,handleChange
FNDA:3,handleSubmit
DA:1,1
DA:2,1
DA:3,1
DA:4,1
DA:5,1
DA:6,1
DA:7,1
DA:8,1
DA:9,1
DA:10,37
DA:11,37
DA:12,37
DA:13,37
DA:14,9
DA:15,9
DA:16,9
DA:17,37
DA:18,37
DA:19,3
DA:20,3
DA:21,3
DA:22,3
DA:23,37
DA:24,37
DA:25,37
DA:26,37
DA:27,37
DA:28,37
DA:29,37
DA:30,37
DA:31,37
DA:32,37
DA:33,37
DA:34,37
DA:35,37
DA:36,37
DA:37,37
DA:38,37
DA:39,37
DA:40,37
DA:41,37
DA:42,37
DA:43,37
DA:44,37
DA:45,37
DA:46,37
DA:47,37
DA:48,37
DA:49,37
DA:50,37
DA:51,37
DA:52,37
DA:53,37
DA:54,37
DA:55,37
DA:56,37
DA:57,37
DA:58,37
DA:59,37
DA:60,37
DA:61,37
DA:62,37
DA:63,37
DA:64,37
DA:65,37
DA:66,37
DA:67,37
DA:68,37
DA:69,37
DA:70,37
DA:71,37
DA:72,37
DA:73,37
DA:74,37
DA:75,37
DA:76,37
DA:77,37
DA:78,1
DA:79,1
LF:79
LH:79
BRDA:10,0,0,37
BRDA:73,1,0,6
BRDA:73,2,0,31
BRDA:13,3,0,9
BRDA:15,4,0,9
BRDA:18,5,0,3
BRF:6
BRH:6
end_of_record
TN:
SF:src\components\PatientList.jsx
FN:1,PatientList
FN:23,onClick
FNF:2
FNH:2
FNDA:26,PatientList
FNDA:3,onClick
DA:1,26
DA:2,26
DA:3,9
DA:4,9
DA:5,9
DA:6,9
DA:7,9
DA:8,9
DA:9,9
DA:10,17
DA:11,17
DA:12,17
DA:13,17
DA:14,17
DA:15,17
DA:16,17
DA:17,17
DA:18,17
DA:19,17
DA:20,17
DA:21,17
DA:22,17
DA:23,17
DA:24,17
DA:25,17
DA:26,17
DA:27,17
DA:28,17
DA:29,17
DA:30,17
DA:31,17
DA:32,17
DA:33,17
DA:34,17
DA:35,17
DA:36,17
DA:37,17
DA:38,17
DA:39,17
DA:40,17
DA:41,1
DA:42,1
LF:42
LH:42
BRDA:1,0,0,26
BRDA:2,1,0,25
BRDA:2,2,0,9
BRDA:9,3,0,17
BRDA:19,4,0,17
BRDA:22,5,0,8
BRDA:22,6,0,9
BRDA:23,7,0,3
BRF:8
BRH:8
end_of_record
TN:
SF:src\components\ReassignmentPanel.jsx
FN:9,ReassignmentPanel
FN:22,loadData
FN:35,handleSubmit
FN:76,onChange
FN:94,onChange
FN:103,onChange
FN:114,onChange
FNF:7
FNH:7
FNDA:12,ReassignmentPanel
FNDA:3,loadData
FNDA:1,handleSubmit
FNDA:1,onChange
FNDA:1,onChange
FNDA:1,onChange
FNDA:1,onChange
DA:1,1
DA:2,1
DA:3,1
DA:4,1
DA:5,1
DA:6,1
DA:7,1
DA:8,1
DA:9,12
DA:10,12
DA:11,12
DA:12,12
DA:13,12
DA:14,12
DA:15,12
DA:16,12
DA:17,12
DA:18,12
DA:19,12
DA:20,12
DA:21,12
DA:22,12
DA:23,3
DA:24,3
DA:25,3
DA:26,3
DA:27,3
DA:28,3
DA:29,3
DA:30,12
DA:31,12
DA:32,2
DA:33,12
DA:34,12
DA:35,12
DA:36,1
DA:37,1
DA:38,1
DA:39,1
DA:40,1
DA:41,1
DA:42,1
DA:43,1
DA:44,1
DA:45,1
DA:46,1
DA:47,1
DA:48,1
DA:49,1
DA:50,1
DA:51,0
DA:52,1
DA:53,1
DA:54,1
DA:55,1
DA:56,12
DA:57,12
DA:58,12
DA:59,12
DA:60,12
DA:61,12
DA:62,12
DA:63,12
DA:64,12
DA:65,12
DA:66,12
DA:67,12
DA:68,12
DA:69,12
DA:70,12
DA:71,12
DA:72,12
DA:73,12
DA:74,12
DA:75,12
DA:76,12
DA:77,12
DA:78,12
DA:79,12
DA:80,12
DA:81,9
DA:82,9
DA:83,9
DA:84,12
DA:85,12
DA:86,12
DA:87,12
DA:88,12
DA:89,12
DA:90,12
DA:91,12
DA:92,12
DA:93,12
DA:94,12
DA:95,12
DA:96,12
DA:97,12
DA:98,12
DA:99,12
DA:100,12
DA:101,12
DA:102,12
DA:103,12
DA:104,12
DA:105,12
DA:106,12
DA:107,12
DA:108,12
DA:109,12
DA:110,12
DA:111,12
DA:112,12
DA:113,12
DA:114,12
DA:115,12
DA:116,12
DA:117,12
DA:118,12
DA:119,12
DA:120,12
DA:121,12
DA:122,12
DA:123,12
DA:124,12
DA:125,12
DA:126,12
DA:127,12
DA:128,12
DA:129,12
DA:130,12
DA:131,12
DA:132,12
DA:133,12
DA:134,12
DA:135,12
DA:136,0
DA:137,0
DA:138,0
DA:139,0
DA:140,0
DA:141,0
DA:142,0
DA:143,0
DA:144,0
DA:145,0
DA:146,0
DA:147,0
DA:148,12
DA:149,12
DA:150,12
DA:151,12
DA:152,12
DA:153,12
DA:154,12
DA:155,12
DA:156,12
DA:157,12
DA:158,1
DA:159,1
LF:159
LH:146
BRDA:9,0,0,12
BRDA:69,1,0,9
BRDA:69,2,0,3
BRDA:69,3,0,0
BRDA:120,4,0,3
BRDA:120,5,0,9
BRDA:135,6,0,0
BRDA:22,7,0,3
BRDA:27,8,0,0
BRDA:28,9,0,0
BRDA:31,10,0,2
BRDA:35,11,0,1
BRDA:49,12,0,0
BRDA:50,13,0,0
BRDA:76,14,0,1
BRDA:80,15,0,9
BRDA:94,16,0,1
BRDA:103,17,0,1
BRDA:114,18,0,1
BRF:19
BRH:13
end_of_record
TN:
SF:src\components\SettingsPanel.jsx
FN:3,SettingsPanel
FN:4,toggle
FN:25,onChange
FN:40,onChange
FN:55,onChange
FN:70,onChange
FNF:6
FNH:6
FNDA:6,SettingsPanel
FNDA:8,toggle
FNDA:2,onChange
FNDA:2,onChange
FNDA:2,onChange
FNDA:2,onChange
DA:1,1
DA:2,1
DA:3,6
DA:4,6
DA:5,6
DA:6,6
DA:7,6
DA:8,6
DA:9,6
DA:10,6
DA:11,6
DA:12,6
DA:13,6
DA:14,6
DA:15,6
DA:16,6
DA:17,6
DA:18,6
DA:19,6
DA:20,6
DA:21,6
DA:22,6
DA:23,6
DA:24,6
DA:25,6
DA:26,6
DA:27,6
DA:28,6
DA:29,6
DA:30,6
DA:31,6
DA:32,6
DA:33,6
DA:34,6
DA:35,6
DA:36,6
DA:37,6
DA:38,6
DA:39,6
DA:40,6
DA:41,6
DA:42,6
DA:43,6
DA:44,6
DA:45,6
DA:46,6
DA:47,6
DA:48,6
DA:49,6
DA:50,6
DA:51,6
DA:52,6
DA:53,6
DA:54,6
DA:55,6
DA:56,6
DA:57,6
DA:58,6
DA:59,6
DA:60,6
DA:61,6
DA:62,6
DA:63,6
DA:64,6
DA:65,6
DA:66,6
DA:67,6
DA:68,6
DA:69,6
DA:70,6
DA:71,6
DA:72,6
DA:73,6
DA:74,6
DA:75,6
DA:76,6
DA:77,6
DA:78,1
DA:79,1
LF:79
LH:79
BRDA:3,0,0,6
BRDA:4,1,0,8
BRDA:25,2,0,2
BRDA:40,3,0,2
BRDA:55,4,0,2
BRDA:70,5,0,2
BRF:6
BRH:6
end_of_record
TN:
SF:src\hooks\usePatientApi.jsx
FN:5,setAuthToken
FN:13,authHeaders
FN:21,requestJson
FN:34,loginDoctor
FN:50,registerDoctor
FN:66,fetchPatients
FN:70,fetchPatientWithCitas
FN:74,fetchAllCitas
FN:78,createPatient
FN:88,createCita
FN:98,fetchListaEspera
FN:102,fetchListaEsperaPendiente
FN:106,createListaEspera
FN:116,updateListaEsperaEstado
FN:122,fetchReassignments
FN:126,reassignAppointment
FN:136,fetchAuditEvents
FN:140,fetchNotifications
FN:144,markNotificationAsRead
FNF:19
FNH:19
FNDA:2,setAuthToken
FNDA:15,authHeaders
FNDA:15,requestJson
FNDA:2,loginDoctor
FNDA:1,registerDoctor
FNDA:2,fetchPatients
FNDA:1,fetchPatientWithCitas
FNDA:1,fetchAllCitas
FNDA:1,createPatient
FNDA:1,createCita
FNDA:1,fetchListaEspera
FNDA:1,fetchListaEsperaPendiente
FNDA:1,createListaEspera
FNDA:1,updateListaEsperaEstado
FNDA:1,fetchReassignments
FNDA:1,reassignAppointment
FNDA:1,fetchAuditEvents
FNDA:1,fetchNotifications
FNDA:1,markNotificationAsRead
DA:1,1
DA:2,1
DA:3,1
DA:4,1
DA:5,1
DA:6,2
DA:7,2
DA:8,2
DA:9,0
DA:10,0
DA:11,2
DA:12,1
DA:13,15
DA:14,15
DA:15,15
DA:16,15
DA:17,15
DA:18,15
DA:19,15
DA:20,1
DA:21,15
DA:22,15
DA:23,15
DA:24,15
DA:25,15
DA:26,15
DA:27,15
DA:28,1
DA:29,1
DA:30,14
DA:31,14
DA:32,14
DA:33,1
DA:34,2
DA:35,2
DA:36,2
DA:37,2
DA:38,2
DA:39,2
DA:40,2
DA:41,2
DA:42,2
DA:43,2
DA:44,1
DA:45,1
DA:46,1
DA:47,1
DA:48,1
DA:49,1
DA:50,1
DA:51,1
DA:52,1
DA:53,1
DA:54,1
DA:55,1
DA:56,1
DA:57,1
DA:58,1
DA:59,1
DA:60,0
DA:61,0
DA:62,1
DA:63,1
DA:64,1
DA:65,1
DA:66,2
DA:67,2
DA:68,2
DA:69,1
DA:70,1
DA:71,1
DA:72,1
DA:73,1
DA:74,1
DA:75,1
DA:76,1
DA:77,1
DA:78,1
DA:79,1
DA:80,1
DA:81,1
DA:82,1
DA:83,1
DA:84,1
DA:85,1
DA:86,1
DA:87,1
DA:88,1
DA:89,1
DA:90,1
DA:91,1
DA:92,1
DA:93,1
DA:94,1
DA:95,1
DA:96,1
DA:97,1
DA:98,1
DA:99,1
DA:100,1
DA:101,1
DA:102,1
DA:103,1
DA:104,1
DA:105,1
DA:106,1
DA:107,1
DA:108,1
DA:109,1
DA:110,1
DA:111,1
DA:112,1
DA:113,1
DA:114,1
DA:115,1
DA:116,1
DA:117,1
DA:118,1
DA:119,1
DA:120,1
DA:121,1
DA:122,1
DA:123,1
DA:124,1
DA:125,1
DA:126,1
DA:127,1
DA:128,1
DA:129,1
DA:130,1
DA:131,1
DA:132,1
DA:133,1
DA:134,1
DA:135,1
DA:136,1
DA:137,1
DA:138,1
DA:139,1
DA:140,1
DA:141,1
DA:142,1
DA:143,1
DA:144,1
DA:145,1
DA:146,1
DA:147,1
DA:148,1
LF:148
LH:144
BRDA:5,0,0,2
BRDA:8,1,0,0
BRDA:13,2,0,15
BRDA:17,3,0,14
BRDA:17,4,0,1
BRDA:21,5,0,15
BRDA:27,6,0,1
BRDA:29,7,0,14
BRDA:34,8,0,2
BRDA:43,9,0,1
BRDA:50,10,0,1
BRDA:59,11,0,0
BRDA:66,12,0,2
BRDA:70,13,0,1
BRDA:74,14,0,1
BRDA:78,15,0,1
BRDA:88,16,0,1
BRDA:98,17,0,1
BRDA:102,18,0,1
BRDA:106,19,0,1
BRDA:116,20,0,1
BRDA:122,21,0,1
BRDA:126,22,0,1
BRDA:136,23,0,1
BRDA:140,24,0,1
BRDA:144,25,0,1
BRF:26
BRH:24
end_of_record
